#
# There is insufficient memory for the Java Runtime Environment to continue.
# Native memory allocation (malloc) failed to allocate 1109376 bytes for Chunk::new
# Possible reasons:
#   The system is out of physical RAM or swap space
#   The process is running with CompressedOops enabled, and the Java Heap may be blocking the growth of the native heap
# Possible solutions:
#   Reduce memory load on the system
#   Increase physical memory or swap space
#   Check if swap backing store is full
#   Decrease Java heap size (-Xmx/-Xms)
#   Decrease number of Java threads
#   Decrease Java thread stack sizes (-Xss)
#   Set larger code cache with -XX:ReservedCodeCacheSize=
#   JVM is running with Unscaled Compressed Oops mode in which the Java heap is
#     placed in the first 4GB address space. The Java Heap base address is the
#     maximum limit for the native heap growth. Please use -XX:HeapBaseMinAddress
#     to set the Java Heap base and to place the Java Heap above 4GB virtual address.
# This output file may be truncated or incomplete.
#
#  Out of Memory Error (allocation.cpp:389), pid=6276, tid=0x0000000000003760
#
# JRE version: OpenJDK Runtime Environment (8.0_242-b01) (build 1.8.0_242-release-1644-b01)
# Java VM: OpenJDK 64-Bit Server VM (25.242-b01 mixed mode windows-amd64 compressed oops)
# Failed to write core dump. Minidumps are not enabled by default on client versions of Windows
#

---------------  T H R E A D  ---------------

Current thread (0x0000000017369000):  JavaThread "C2 CompilerThread0" daemon [_thread_in_native, id=14176, stack(0x00000000189c0000,0x0000000018ac0000)]

Stack: [0x00000000189c0000,0x0000000018ac0000]
[error occurred during error reporting (printing stack bounds), id 0xc0000005]

Native frames: (J=compiled Java code, j=interpreted, Vv=VM code, C=native code)


Current CompileTask:
C2:  42631 3922       4       groovy.lang.MetaClassImpl::checkIfStdMethod (178 bytes)


---------------  P R O C E S S  ---------------

Java Threads: ( => current thread )
  0x000000001a15e000 JavaThread "Cache worker for Build Output Cleanup Cache (F:\POS\.gradle\buildOutputCleanup)" [_thread_blocked, id=5216, stack(0x0000000023550000,0x0000000023650000)]
  0x000000001a15c000 JavaThread "Cache worker for file content cache (C:\Users\NEWTON\.gradle\caches\6.5\fileContent)" [_thread_blocked, id=14712, stack(0x00000000212b0000,0x00000000213b0000)]
  0x000000001a156800 JavaThread "Cache worker for execution history cache (C:\Users\NEWTON\.gradle\caches\6.5\executionHistory)" [_thread_blocked, id=15272, stack(0x00000000209b0000,0x0000000020ab0000)]
  0x000000001a79d000 JavaThread "Cache worker for cache directory md-rule (C:\Users\NEWTON\.gradle\caches\6.5\md-rule)" [_thread_blocked, id=13940, stack(0x00000000206b0000,0x00000000207b0000)]
  0x000000001a79c800 JavaThread "Cache worker for cache directory md-supplier (C:\Users\NEWTON\.gradle\caches\6.5\md-supplier)" [_thread_blocked, id=9392, stack(0x00000000205b0000,0x00000000206b0000)]
  0x000000001a79b000 JavaThread "Cache worker for checksums cache (F:\POS\.gradle\checksums)" [_thread_blocked, id=5856, stack(0x00000000204b0000,0x00000000205b0000)]
  0x000000001a79a000 JavaThread "jar transforms Thread 25" [_thread_blocked, id=3032, stack(0x00000000201b0000,0x00000000202b0000)]
  0x000000001a798800 JavaThread "jar transforms Thread 24" [_thread_blocked, id=14692, stack(0x00000000200b0000,0x00000000201b0000)]
  0x000000001a79b800 JavaThread "jar transforms Thread 23" [_thread_blocked, id=15032, stack(0x000000001ffb0000,0x00000000200b0000)]
  0x000000001a799800 JavaThread "jar transforms Thread 22" [_thread_blocked, id=12880, stack(0x000000001feb0000,0x000000001ffb0000)]
  0x000000001a791000 JavaThread "jar transforms Thread 21" [_thread_blocked, id=14760, stack(0x000000001fdb0000,0x000000001feb0000)]
  0x000000001a798000 JavaThread "jar transforms Thread 20" [_thread_blocked, id=10840, stack(0x000000001fcb0000,0x000000001fdb0000)]
  0x000000001a797000 JavaThread "jar transforms Thread 19" [_thread_blocked, id=11256, stack(0x000000001fab0000,0x000000001fbb0000)]
  0x000000001a796800 JavaThread "jar transforms Thread 18" [_thread_blocked, id=10200, stack(0x000000001f9b0000,0x000000001fab0000)]
  0x000000001a795800 JavaThread "jar transforms Thread 17" [_thread_blocked, id=7860, stack(0x000000001f8b0000,0x000000001f9b0000)]
  0x000000001a78f000 JavaThread "jar transforms Thread 16" [_thread_blocked, id=14824, stack(0x000000001f7b0000,0x000000001f8b0000)]
  0x000000001a78e000 JavaThread "jar transforms Thread 15" [_thread_blocked, id=12164, stack(0x000000001f6b0000,0x000000001f7b0000)]
  0x000000001a790800 JavaThread "jar transforms Thread 14" [_thread_blocked, id=5916, stack(0x000000001f5b0000,0x000000001f6b0000)]
  0x000000001a794000 JavaThread "jar transforms Thread 13" [_thread_blocked, id=13232, stack(0x000000001f4b0000,0x000000001f5b0000)]
  0x000000001a792800 JavaThread "jar transforms Thread 12" [_thread_blocked, id=14792, stack(0x000000001f3b0000,0x000000001f4b0000)]
  0x000000001a78f800 JavaThread "jar transforms Thread 11" [_thread_blocked, id=14588, stack(0x000000001f2b0000,0x000000001f3b0000)]
  0x000000001a792000 JavaThread "jar transforms Thread 10" [_thread_blocked, id=10768, stack(0x000000001f1b0000,0x000000001f2b0000)]
  0x000000001a795000 JavaThread "jar transforms Thread 9" [_thread_blocked, id=388, stack(0x000000001f0b0000,0x000000001f1b0000)]
  0x000000001a793800 JavaThread "jar transforms Thread 8" [_thread_blocked, id=14724, stack(0x000000001efb0000,0x000000001f0b0000)]
  0x000000001af23800 JavaThread "jar transforms Thread 7" [_thread_blocked, id=14776, stack(0x000000001eeb0000,0x000000001efb0000)]
  0x000000001af2a800 JavaThread "jar transforms Thread 6" [_thread_blocked, id=14912, stack(0x000000001edb0000,0x000000001eeb0000)]
  0x000000001af27800 JavaThread "jar transforms Thread 5" [_thread_blocked, id=2684, stack(0x000000001ecb0000,0x000000001edb0000)]
  0x000000001af26000 JavaThread "jar transforms Thread 4" [_thread_blocked, id=14784, stack(0x000000001ebb0000,0x000000001ecb0000)]
  0x000000001af29800 JavaThread "jar transforms Thread 3" [_thread_blocked, id=13744, stack(0x000000001eab0000,0x000000001ebb0000)]
  0x000000001af29000 JavaThread "jar transforms Thread 2" [_thread_blocked, id=2872, stack(0x000000001e9b0000,0x000000001eab0000)]
  0x000000001af26800 JavaThread "jar transforms" [_thread_blocked, id=3844, stack(0x000000001e8b0000,0x000000001e9b0000)]
  0x000000001af24800 JavaThread "Cache worker for file hash cache (F:\POS\.gradle\6.5\fileHashes)" [_thread_blocked, id=13740, stack(0x000000001e7b0000,0x000000001e8b0000)]
  0x000000001af25000 JavaThread "Cache worker for file hash cache (C:\Users\NEWTON\.gradle\caches\6.5\fileHashes)" [_thread_blocked, id=7276, stack(0x000000001d2e0000,0x000000001d3e0000)]
  0x000000001af28000 JavaThread "File lock request listener" [_thread_in_native, id=15036, stack(0x000000001d1e0000,0x000000001d2e0000)]
  0x000000001a78c000 JavaThread "Cache worker for journal cache (C:\Users\NEWTON\.gradle\caches\journal-1)" [_thread_blocked, id=3024, stack(0x000000001d0e0000,0x000000001d1e0000)]
  0x000000001adf0800 JavaThread "Thread-9" [_thread_blocked, id=14344, stack(0x000000001cde0000,0x000000001cee0000)]
  0x0000000019336800 JavaThread "Stdin handler" [_thread_blocked, id=9040, stack(0x000000001cce0000,0x000000001cde0000)]
  0x0000000019333000 JavaThread "Asynchronous log dispatcher for DefaultDaemonConnection: socket connection from /127.0.0.1:51732 to /127.0.0.1:51733" [_thread_blocked, id=13592, stack(0x000000001cbe0000,0x000000001cce0000)]
  0x000000001ad9e800 JavaThread "Daemon worker" [_thread_in_vm, id=1300, stack(0x000000001cae0000,0x000000001cbe0000)]
  0x000000001adb7800 JavaThread "Cancel handler" [_thread_blocked, id=15052, stack(0x000000001c9e0000,0x000000001cae0000)]
  0x000000001ad7b000 JavaThread "Handler for socket connection from /127.0.0.1:51732 to /127.0.0.1:51733" [_thread_in_native, id=12072, stack(0x000000001c6e0000,0x000000001c7e0000)]
  0x000000001ad76000 JavaThread "Daemon" [_thread_blocked, id=11812, stack(0x000000001c5e0000,0x000000001c6e0000)]
  0x000000001ad63000 JavaThread "Daemon periodic checks" [_thread_blocked, id=6356, stack(0x000000001c4e0000,0x000000001c5e0000)]
  0x000000001acbb800 JavaThread "Incoming local TCP Connector on port 51732" [_thread_in_native, id=11316, stack(0x000000001c2a0000,0x000000001c3a0000)]
  0x0000000018d77800 JavaThread "Daemon health stats" [_thread_blocked, id=14384, stack(0x000000001bc60000,0x000000001bd60000)]
  0x00000000173bb800 JavaThread "Service Thread" daemon [_thread_blocked, id=13672, stack(0x00000000190c0000,0x00000000191c0000)]
  0x00000000173b8800 JavaThread "C1 CompilerThread2" daemon [_thread_blocked, id=13408, stack(0x0000000018bc0000,0x0000000018cc0000)]
  0x00000000173b6000 JavaThread "C2 CompilerThread1" daemon [_thread_in_native, id=14172, stack(0x0000000018ac0000,0x0000000018bc0000)]
=>0x0000000017369000 JavaThread "C2 CompilerThread0" daemon [_thread_in_native, id=14176, stack(0x00000000189c0000,0x0000000018ac0000)]
  0x0000000017364800 JavaThread "Attach Listener" daemon [_thread_blocked, id=9796, stack(0x00000000188c0000,0x00000000189c0000)]
  0x0000000017360000 JavaThread "Signal Dispatcher" daemon [_thread_blocked, id=14800, stack(0x00000000187c0000,0x00000000188c0000)]
  0x000000000273b000 JavaThread "Finalizer" daemon [_thread_blocked, id=15288, stack(0x00000000185c0000,0x00000000186c0000)]
  0x0000000017349000 JavaThread "Reference Handler" daemon [_thread_blocked, id=12940, stack(0x00000000184c0000,0x00000000185c0000)]
  0x000000000253d800 JavaThread "main" [_thread_blocked, id=11520, stack(0x0000000002540000,0x0000000002640000)]

Other Threads:
  0x0000000017326800 VMThread [stack: 0x00000000183c0000,0x00000000184c0000] [id=12780]
  0x00000000173bc800 WatcherThread [stack: 0x00000000191c0000,0x00000000192c0000] [id=1392]

VM state:not at safepoint (normal execution)

VM Mutex/Monitor currently owned by a thread: None

heap address: 0x0000000080000000, size: 2048 MB, Compressed Oops mode: 32-bit
Narrow klass base: 0x0000000000000000, Narrow klass shift: 3
Compressed class space size: 1073741824 Address: 0x0000000100000000

Heap:
 PSYoungGen      total 41472K, used 31716K [0x00000000d5580000, 0x00000000d9100000, 0x0000000100000000)
  eden space 30208K, 86% used [0x00000000d5580000,0x00000000d6eec200,0x00000000d7300000)
  from space 11264K, 50% used [0x00000000d7300000,0x00000000d788cfd8,0x00000000d7e00000)
  to   space 10752K, 0% used [0x00000000d8680000,0x00000000d8680000,0x00000000d9100000)
 ParOldGen       total 56320K, used 13448K [0x0000000080000000, 0x0000000083700000, 0x00000000d5580000)
  object space 56320K, 23% used [0x0000000080000000,0x0000000080d222d8,0x0000000083700000)
 Metaspace       used 39921K, capacity 41510K, committed 41856K, reserved 1085440K
  class space    used 5310K, capacity 5666K, committed 5760K, reserved 1048576K

Card table byte_map: [0x0000000011b00000,0x0000000011f10000] byte_map_base: 0x0000000011700000

Marking Bits: (ParMarkBitMap*) 0x000000006c6ef030
 Begin Bits: [0x00000000125c0000, 0x00000000145c0000)
 End Bits:   [0x00000000145c0000, 0x00000000165c0000)

Polling page: 0x0000000002480000

CodeCache: size=245760Kb used=13379Kb max_used=13495Kb free=232380Kb
 bounds [0x0000000002740000, 0x0000000003480000, 0x0000000011740000]
 total_blobs=4270 nmethods=3543 adapters=638
 compilation: enabled

Compilation events (10 events):
Event: 42.493 Thread 0x00000000173b8800 3929       3       sun.reflect.generics.tree.BottomSignature::make (4 bytes)
Event: 42.493 Thread 0x00000000173b8800 nmethod 3929 0x0000000002a7b290 code [0x0000000002a7b3e0, 0x0000000002a7b510]
Event: 42.494 Thread 0x00000000173b8800 3930       3       groovy.lang.MetaClassImpl$1::compare (13 bytes)
Event: 42.494 Thread 0x00000000173b8800 nmethod 3930 0x0000000002a18310 code [0x0000000002a184e0, 0x0000000002a18f28]
Event: 42.551 Thread 0x00000000173b8800 3931       1       java.lang.reflect.AccessibleObject::isAccessible (5 bytes)
Event: 42.551 Thread 0x00000000173b8800 nmethod 3931 0x0000000002a14610 code [0x0000000002a14760, 0x0000000002a14870]
Event: 42.554 Thread 0x00000000173b8800 3932       3       java.net.URLStreamHandler::sameFile (136 bytes)
Event: 42.554 Thread 0x00000000173b8800 nmethod 3932 0x0000000002bf9890 code [0x0000000002bf9a60, 0x0000000002bfaaa8]
Event: 42.569 Thread 0x00000000173b8800 3933       3       java.net.URL::equals (24 bytes)
Event: 42.569 Thread 0x00000000173b8800 nmethod 3933 0x0000000002bcd750 code [0x0000000002bcd8c0, 0x0000000002bcdd08]

GC Heap History (10 events):
Event: 36.254 GC heap before
{Heap before GC invocations=11 (full 1):
 PSYoungGen      total 41472K, used 27983K [0x00000000d5580000, 0x00000000d8980000, 0x0000000100000000)
  eden space 30720K, 61% used [0x00000000d5580000,0x00000000d68163d8,0x00000000d7380000)
  from space 10752K, 83% used [0x00000000d7400000,0x00000000d7cbdb30,0x00000000d7e80000)
  to   space 11264K, 0% used [0x00000000d7e80000,0x00000000d7e80000,0x00000000d8980000)
 ParOldGen       total 56320K, used 8945K [0x0000000080000000, 0x0000000083700000, 0x00000000d5580000)
  object space 56320K, 15% used [0x0000000080000000,0x00000000808bc4c0,0x0000000083700000)
 Metaspace       used 34217K, capacity 35256K, committed 35416K, reserved 1079296K
  class space    used 4513K, capacity 4777K, committed 4864K, reserved 1048576K
Event: 36.267 GC heap after
Heap after GC invocations=11 (full 1):
 PSYoungGen      total 40960K, used 4894K [0x00000000d5580000, 0x00000000d8900000, 0x0000000100000000)
  eden space 30208K, 0% used [0x00000000d5580000,0x00000000d5580000,0x00000000d7300000)
  from space 10752K, 45% used [0x00000000d7e80000,0x00000000d8347a50,0x00000000d8900000)
  to   space 11264K, 0% used [0x00000000d7300000,0x00000000d7300000,0x00000000d7e00000)
 ParOldGen       total 56320K, used 11042K [0x0000000080000000, 0x0000000083700000, 0x00000000d5580000)
  object space 56320K, 19% used [0x0000000080000000,0x0000000080ac8a88,0x0000000083700000)
 Metaspace       used 34217K, capacity 35256K, committed 35416K, reserved 1079296K
  class space    used 4513K, capacity 4777K, committed 4864K, reserved 1048576K
}
Event: 36.267 GC heap before
{Heap before GC invocations=12 (full 2):
 PSYoungGen      total 40960K, used 4894K [0x00000000d5580000, 0x00000000d8900000, 0x0000000100000000)
  eden space 30208K, 0% used [0x00000000d5580000,0x00000000d5580000,0x00000000d7300000)
  from space 10752K, 45% used [0x00000000d7e80000,0x00000000d8347a50,0x00000000d8900000)
  to   space 11264K, 0% used [0x00000000d7300000,0x00000000d7300000,0x00000000d7e00000)
 ParOldGen       total 56320K, used 11042K [0x0000000080000000, 0x0000000083700000, 0x00000000d5580000)
  object space 56320K, 19% used [0x0000000080000000,0x0000000080ac8a88,0x0000000083700000)
 Metaspace       used 34217K, capacity 35256K, committed 35416K, reserved 1079296K
  class space    used 4513K, capacity 4777K, committed 4864K, reserved 1048576K
Event: 36.437 GC heap after
Heap after GC invocations=12 (full 2):
 PSYoungGen      total 40960K, used 0K [0x00000000d5580000, 0x00000000d8900000, 0x0000000100000000)
  eden space 30208K, 0% used [0x00000000d5580000,0x00000000d5580000,0x00000000d7300000)
  from space 10752K, 0% used [0x00000000d7e80000,0x00000000d7e80000,0x00000000d8900000)
  to   space 11264K, 0% used [0x00000000d7300000,0x00000000d7300000,0x00000000d7e00000)
 ParOldGen       total 56320K, used 13448K [0x0000000080000000, 0x0000000083700000, 0x00000000d5580000)
  object space 56320K, 23% used [0x0000000080000000,0x0000000080d222d8,0x0000000083700000)
 Metaspace       used 34206K, capacity 35244K, committed 35416K, reserved 1079296K
  class space    used 4510K, capacity 4773K, committed 4864K, reserved 1048576K
}
Event: 37.131 GC heap before
{Heap before GC invocations=13 (full 2):
 PSYoungGen      total 40960K, used 30208K [0x00000000d5580000, 0x00000000d8900000, 0x0000000100000000)
  eden space 30208K, 100% used [0x00000000d5580000,0x00000000d7300000,0x00000000d7300000)
  from space 10752K, 0% used [0x00000000d7e80000,0x00000000d7e80000,0x00000000d8900000)
  to   space 11264K, 0% used [0x00000000d7300000,0x00000000d7300000,0x00000000d7e00000)
 ParOldGen       total 56320K, used 13448K [0x0000000080000000, 0x0000000083700000, 0x00000000d5580000)
  object space 56320K, 23% used [0x0000000080000000,0x0000000080d222d8,0x0000000083700000)
 Metaspace       used 35815K, capacity 37024K, committed 37120K, reserved 1081344K
  class space    used 4760K, capacity 5039K, committed 5120K, reserved 1048576K
Event: 37.134 GC heap after
Heap after GC invocations=13 (full 2):
 PSYoungGen      total 41472K, used 2251K [0x00000000d5580000, 0x00000000d8900000, 0x0000000100000000)
  eden space 30208K, 0% used [0x00000000d5580000,0x00000000d5580000,0x00000000d7300000)
  from space 11264K, 19% used [0x00000000d7300000,0x00000000d7532c08,0x00000000d7e00000)
  to   space 10752K, 0% used [0x00000000d7e80000,0x00000000d7e80000,0x00000000d8900000)
 ParOldGen       total 56320K, used 13448K [0x0000000080000000, 0x0000000083700000, 0x00000000d5580000)
  object space 56320K, 23% used [0x0000000080000000,0x0000000080d222d8,0x0000000083700000)
 Metaspace       used 35815K, capacity 37024K, committed 37120K, reserved 1081344K
  class space    used 4760K, capacity 5039K, committed 5120K, reserved 1048576K
}
Event: 39.899 GC heap before
{Heap before GC invocations=14 (full 2):
 PSYoungGen      total 41472K, used 32459K [0x00000000d5580000, 0x00000000d8900000, 0x0000000100000000)
  eden space 30208K, 100% used [0x00000000d5580000,0x00000000d7300000,0x00000000d7300000)
  from space 11264K, 19% used [0x00000000d7300000,0x00000000d7532c08,0x00000000d7e00000)
  to   space 10752K, 0% used [0x00000000d7e80000,0x00000000d7e80000,0x00000000d8900000)
 ParOldGen       total 56320K, used 13448K [0x0000000080000000, 0x0000000083700000, 0x00000000d5580000)
  object space 56320K, 23% used [0x0000000080000000,0x0000000080d222d8,0x0000000083700000)
 Metaspace       used 37147K, capacity 38550K, committed 38784K, reserved 1083392K
  class space    used 4886K, capacity 5214K, committed 5248K, reserved 1048576K
Event: 39.910 GC heap after
Heap after GC invocations=14 (full 2):
 PSYoungGen      total 40960K, used 3360K [0x00000000d5580000, 0x00000000d8900000, 0x0000000100000000)
  eden space 30208K, 0% used [0x00000000d5580000,0x00000000d5580000,0x00000000d7300000)
  from space 10752K, 31% used [0x00000000d7e80000,0x00000000d81c8080,0x00000000d8900000)
  to   space 11264K, 0% used [0x00000000d7300000,0x00000000d7300000,0x00000000d7e00000)
 ParOldGen       total 56320K, used 13448K [0x0000000080000000, 0x0000000083700000, 0x00000000d5580000)
  object space 56320K, 23% used [0x0000000080000000,0x0000000080d222d8,0x0000000083700000)
 Metaspace       used 37147K, capacity 38550K, committed 38784K, reserved 1083392K
  class space    used 4886K, capacity 5214K, committed 5248K, reserved 1048576K
}
Event: 41.123 GC heap before
{Heap before GC invocations=15 (full 2):
 PSYoungGen      total 40960K, used 33568K [0x00000000d5580000, 0x00000000d8900000, 0x0000000100000000)
  eden space 30208K, 100% used [0x00000000d5580000,0x00000000d7300000,0x00000000d7300000)
  from space 10752K, 31% used [0x00000000d7e80000,0x00000000d81c8080,0x00000000d8900000)
  to   space 11264K, 0% used [0x00000000d7300000,0x00000000d7300000,0x00000000d7e00000)
 ParOldGen       total 56320K, used 13448K [0x0000000080000000, 0x0000000083700000, 0x00000000d5580000)
  object space 56320K, 23% used [0x0000000080000000,0x0000000080d222d8,0x0000000083700000)
 Metaspace       used 38718K, capacity 40078K, committed 40320K, reserved 1083392K
  class space    used 5099K, capacity 5396K, committed 5504K, reserved 1048576K
Event: 41.131 GC heap after
Heap after GC invocations=15 (full 2):
 PSYoungGen      total 41472K, used 5683K [0x00000000d5580000, 0x00000000d9100000, 0x0000000100000000)
  eden space 30208K, 0% used [0x00000000d5580000,0x00000000d5580000,0x00000000d7300000)
  from space 11264K, 50% used [0x00000000d7300000,0x00000000d788cfd8,0x00000000d7e00000)
  to   space 10752K, 0% used [0x00000000d8680000,0x00000000d8680000,0x00000000d9100000)
 ParOldGen       total 56320K, used 13448K [0x0000000080000000, 0x0000000083700000, 0x00000000d5580000)
  object space 56320K, 23% used [0x0000000080000000,0x0000000080d222d8,0x0000000083700000)
 Metaspace       used 38718K, capacity 40078K, committed 40320K, reserved 1083392K
  class space    used 5099K, capacity 5396K, committed 5504K, reserved 1048576K
}

Deoptimization events (10 events):
Event: 39.817 Thread 0x000000001ad9e800 Uncommon trap: reason=unstable_if action=reinterpret pc=0x0000000002c3aaf0 method=sun.misc.URLClassPath$JarLoader.getResource(Ljava/lang/String;ZLjava/util/Set;)Lsun/misc/Resource; @ 17
Event: 40.411 Thread 0x000000001ad9e800 Uncommon trap: reason=unstable_if action=reinterpret pc=0x0000000003263c10 method=org.codehaus.groovy.runtime.metaclass.MetaMethodIndex.addMethodToList(Ljava/lang/Object;Lgroovy/lang/MetaMethod;)Ljava/lang/Object; @ 226
Event: 40.455 Thread 0x000000001ad9e800 Uncommon trap: reason=unstable_if action=reinterpret pc=0x0000000002d05cd0 method=java.util.HashMap.putVal(ILjava/lang/Object;Ljava/lang/Object;ZZ)Ljava/lang/Object; @ 162
Event: 40.766 Thread 0x000000001ad9e800 Uncommon trap: reason=unstable_if action=reinterpret pc=0x0000000003141eec method=java.util.Arrays.hashCode([Ljava/lang/Object;)I @ 34
Event: 41.236 Thread 0x000000001ad9e800 Uncommon trap: reason=unstable_if action=reinterpret pc=0x000000000310a424 method=java.util.HashMap.getNode(ILjava/lang/Object;)Ljava/util/HashMap$Node; @ 53
Event: 41.407 Thread 0x000000001ad9e800 Uncommon trap: reason=unstable_if action=reinterpret pc=0x0000000002d3ab04 method=java.util.HashMap.getNode(ILjava/lang/Object;)Ljava/util/HashMap$Node; @ 53
Event: 41.567 Thread 0x000000001ad9e800 Uncommon trap: reason=bimorphic action=maybe_recompile pc=0x0000000002fd66b0 method=java.util.AbstractCollection.addAll(Ljava/util/Collection;)Z @ 29
Event: 41.796 Thread 0x000000001ad9e800 Uncommon trap: reason=unstable_if action=reinterpret pc=0x0000000002dfdcd8 method=java.net.URLStreamHandler.sameFile(Ljava/net/URL;Ljava/net/URL;)Z @ 63
Event: 41.800 Thread 0x000000001ad9e800 Uncommon trap: reason=unstable_if action=reinterpret pc=0x0000000002e216fc method=java.net.URLStreamHandler.sameFile(Ljava/net/URL;Ljava/net/URL;)Z @ 63
Event: 42.470 Thread 0x000000001ad9e800 Uncommon trap: reason=unstable_if action=reinterpret pc=0x0000000003194770 method=java.lang.ClassLoader.checkCerts(Ljava/lang/String;Ljava/security/CodeSource;)V @ 29

Classes redefined (0 events):
No events

Internal exceptions (10 events):
Event: 42.427 Thread 0x000000001ad9e800 Exception <a 'java/lang/ClassNotFoundException': org/codehaus/groovy/reflection/CachedFieldCustomizer> (0x00000000d6afc7a0) thrown at [C:\src\AOSP-openjdk-git\hotspot\src\share\vm\classfile\systemDictionary.cpp, line 210]
Event: 42.470 Thread 0x000000001ad9e800 Implicit null exception at 0x0000000003193e67 to 0x0000000003194755
Event: 42.481 Thread 0x000000001ad9e800 Exception <a 'java/lang/ClassNotFoundException': java/util/ArrayListBeanInfo> (0x00000000d6c25f20) thrown at [C:\src\AOSP-openjdk-git\hotspot\src\share\vm\classfile\systemDictionary.cpp, line 210]
Event: 42.482 Thread 0x000000001ad9e800 Exception <a 'java/lang/ClassNotFoundException': java/util/AbstractListBeanInfo> (0x00000000d6c30160) thrown at [C:\src\AOSP-openjdk-git\hotspot\src\share\vm\classfile\systemDictionary.cpp, line 210]
Event: 42.482 Thread 0x000000001ad9e800 Exception <a 'java/lang/ClassNotFoundException': java/util/AbstractCollectionBeanInfo> (0x00000000d6c3b2f8) thrown at [C:\src\AOSP-openjdk-git\hotspot\src\share\vm\classfile\systemDictionary.cpp, line 210]
Event: 42.483 Thread 0x000000001ad9e800 Exception <a 'java/lang/ClassNotFoundException': java/util/AbstractCollectionCustomizer> (0x00000000d6c467a0) thrown at [C:\src\AOSP-openjdk-git\hotspot\src\share\vm\classfile\systemDictionary.cpp, line 210]
Event: 42.485 Thread 0x000000001ad9e800 Exception <a 'java/lang/ClassNotFoundException': java/util/AbstractListCustomizer> (0x00000000d6c5b880) thrown at [C:\src\AOSP-openjdk-git\hotspot\src\share\vm\classfile\systemDictionary.cpp, line 210]
Event: 42.486 Thread 0x000000001ad9e800 Exception <a 'java/lang/ClassNotFoundException': java/util/ArrayListCustomizer> (0x00000000d6c72e08) thrown at [C:\src\AOSP-openjdk-git\hotspot\src\share\vm\classfile\systemDictionary.cpp, line 210]
Event: 42.492 Thread 0x000000001ad9e800 Exception <a 'java/lang/ClassNotFoundException': java/util/CollectionBeanInfo> (0x00000000d6cf7d70) thrown at [C:\src\AOSP-openjdk-git\hotspot\src\share\vm\classfile\systemDictionary.cpp, line 210]
Event: 42.492 Thread 0x000000001ad9e800 Exception <a 'java/lang/ClassNotFoundException': java/util/CollectionCustomizer> (0x00000000d6d01f18) thrown at [C:\src\AOSP-openjdk-git\hotspot\src\share\vm\classfile\systemDictionary.cpp, line 210]

Events (10 events):
Event: 42.570 loading class org/gradle/api/plugins/HelpTasksPlugin$TaskReportTaskAction
Event: 42.570 loading class org/gradle/api/plugins/HelpTasksPlugin$TaskReportTaskAction done
Event: 42.571 loading class org/gradle/api/plugins/HelpTasksPlugin$ProjectReportTaskAction
Event: 42.571 loading class org/gradle/api/plugins/HelpTasksPlugin$ProjectReportTaskAction done
Event: 42.572 loading class org/gradle/api/plugins/HelpTasksPlugin$HelpAction
Event: 42.572 loading class org/gradle/api/plugins/HelpTasksPlugin$HelpAction done
Event: 42.573 loading class org/gradle/api/tasks/diagnostics/OutgoingVariantsReportTask
Event: 42.573 loading class org/gradle/api/tasks/diagnostics/OutgoingVariantsReportTask done
Event: 42.620 loading class org/gradle/configuration/Help
Event: 42.620 loading class org/gradle/configuration/Help done


Dynamic libraries:
0x00007ff646e00000 - 0x00007ff646e31000 	E:\Android\jre\bin\java.exe
0x00007ffa97950000 - 0x00007ffa97b46000 	C:\WINDOWS\SYSTEM32\ntdll.dll
0x00007ffa96dd0000 - 0x00007ffa96e8d000 	C:\WINDOWS\System32\KERNEL32.DLL
0x00007ffa951b0000 - 0x00007ffa95479000 	C:\WINDOWS\System32\KERNELBASE.dll
0x00007ffa92870000 - 0x00007ffa92900000 	C:\WINDOWS\SYSTEM32\apphelp.dll
0x00007ffa95c10000 - 0x00007ffa95cbc000 	C:\WINDOWS\System32\ADVAPI32.dll
0x00007ffa95cc0000 - 0x00007ffa95d5e000 	C:\WINDOWS\System32\msvcrt.dll
0x00007ffa95e30000 - 0x00007ffa95ecc000 	C:\WINDOWS\System32\sechost.dll
0x00007ffa97600000 - 0x00007ffa9772b000 	C:\WINDOWS\System32\RPCRT4.dll
0x00007ffa96f00000 - 0x00007ffa970a0000 	C:\WINDOWS\System32\USER32.dll
0x00007ffa95090000 - 0x00007ffa950b2000 	C:\WINDOWS\System32\win32u.dll
0x00007ffa975d0000 - 0x00007ffa975fa000 	C:\WINDOWS\System32\GDI32.dll
0x00007ffa957f0000 - 0x00007ffa958f9000 	C:\WINDOWS\System32\gdi32full.dll
0x00007ffa95110000 - 0x00007ffa951ad000 	C:\WINDOWS\System32\msvcp_win.dll
0x00007ffa95560000 - 0x00007ffa95660000 	C:\WINDOWS\System32\ucrtbase.dll
0x00007ffa85280000 - 0x00007ffa8551b000 	C:\WINDOWS\WinSxS\amd64_microsoft.windows.common-controls_6595b64144ccf1df_6.0.19041.488_none_ca04af081b815d21\COMCTL32.dll
0x00007ffa95f40000 - 0x00007ffa95f70000 	C:\WINDOWS\System32\IMM32.DLL
0x000000006bd60000 - 0x000000006be32000 	E:\Android\jre\jre\bin\msvcr100.dll
0x000000006bf20000 - 0x000000006c76b000 	E:\Android\jre\jre\bin\server\jvm.dll
0x00007ffa95dc0000 - 0x00007ffa95dc8000 	C:\WINDOWS\System32\PSAPI.DLL
0x00007ffa85520000 - 0x00007ffa85547000 	C:\WINDOWS\SYSTEM32\WINMM.dll
0x00007ffa84dd0000 - 0x00007ffa84dda000 	C:\WINDOWS\SYSTEM32\VERSION.dll
0x00007ffa84b60000 - 0x00007ffa84b69000 	C:\WINDOWS\SYSTEM32\WSOCK32.dll
0x00007ffa96e90000 - 0x00007ffa96efb000 	C:\WINDOWS\System32\WS2_32.dll
0x00007ffa92960000 - 0x00007ffa9296f000 	E:\Android\jre\jre\bin\verify.dll
0x00007ffa8f530000 - 0x00007ffa8f559000 	E:\Android\jre\jre\bin\java.dll
0x00007ffa91e50000 - 0x00007ffa91e66000 	E:\Android\jre\jre\bin\zip.dll
0x00007ffa96240000 - 0x00007ffa96982000 	C:\WINDOWS\System32\SHELL32.dll
0x00007ffa931e0000 - 0x00007ffa93975000 	C:\WINDOWS\SYSTEM32\windows.storage.dll
0x00007ffa96990000 - 0x00007ffa96ce6000 	C:\WINDOWS\System32\combase.dll
0x00007ffa94a80000 - 0x00007ffa94aac000 	C:\WINDOWS\SYSTEM32\Wldp.dll
0x00007ffa97860000 - 0x00007ffa9790e000 	C:\WINDOWS\System32\SHCORE.dll
0x00007ffa95ee0000 - 0x00007ffa95f35000 	C:\WINDOWS\System32\shlwapi.dll
0x00007ffa94fc0000 - 0x00007ffa94fe6000 	C:\WINDOWS\SYSTEM32\profapi.dll
0x00007ffa90b10000 - 0x00007ffa90b2a000 	E:\Android\jre\jre\bin\net.dll
0x00007ffa947b0000 - 0x00007ffa9481a000 	C:\WINDOWS\system32\mswsock.dll
0x00007ffa8f510000 - 0x00007ffa8f523000 	E:\Android\jre\jre\bin\nio.dll
0x00007ffa92990000 - 0x00007ffa929b7000 	C:\Users\NEWTON\.gradle\native\f6784746aeab05261644944871eae4fe03e0ef1612fff0a4a95f87b438bc6780\windows-amd64\native-platform.dll
0x00007ffa91fa0000 - 0x00007ffa91fad000 	E:\Android\jre\jre\bin\management.dll
0x00007ffa94980000 - 0x00007ffa94998000 	C:\WINDOWS\SYSTEM32\CRYPTSP.dll
0x00007ffa94140000 - 0x00007ffa94174000 	C:\WINDOWS\system32\rsaenh.dll
0x00007ffa957c0000 - 0x00007ffa957e7000 	C:\WINDOWS\System32\bcrypt.dll
0x00007ffa94f80000 - 0x00007ffa94fae000 	C:\WINDOWS\SYSTEM32\USERENV.dll
0x00007ffa954e0000 - 0x00007ffa95560000 	C:\WINDOWS\System32\bcryptprimitives.dll
0x00007ffa94c00000 - 0x00007ffa94c0c000 	C:\WINDOWS\SYSTEM32\CRYPTBASE.dll
0x00007ffa944a0000 - 0x00007ffa944db000 	C:\WINDOWS\SYSTEM32\IPHLPAPI.DLL
0x00007ffa975a0000 - 0x00007ffa975a8000 	C:\WINDOWS\System32\NSI.dll
0x00007ffa8a3c0000 - 0x00007ffa8a3d7000 	C:\WINDOWS\SYSTEM32\dhcpcsvc6.DLL
0x00007ffa8a3a0000 - 0x00007ffa8a3bd000 	C:\WINDOWS\SYSTEM32\dhcpcsvc.DLL
0x00007ffa944e0000 - 0x00007ffa945ab000 	C:\WINDOWS\SYSTEM32\DNSAPI.dll
0x00007ffa8a5e0000 - 0x00007ffa8a5eb000 	C:\WINDOWS\SYSTEM32\WINNSI.DLL

VM Arguments:
jvm_args: -Xmx2048m -Dfile.encoding=UTF-8 -Duser.country=US -Duser.language=en -Duser.variant 
java_command: org.gradle.launcher.daemon.bootstrap.GradleDaemon 6.5
java_class_path (initial): C:\Users\NEWTON\.gradle\wrapper\dists\gradle-6.5-bin\6nifqtx7604sqp1q6g8wikw7p\gradle-6.5\lib\gradle-launcher-6.5.jar
Launcher Type: SUN_STANDARD

Environment Variables:
PATH=C:\Program Files (x86)\Common Files\Oracle\Java\javapath;C:\WINDOWS\system32;C:\WINDOWS;C:\WINDOWS\System32\Wbem;C:\WINDOWS\System32\WindowsPowerShell\v1.0\;C:\Program Files\Java\jdk1.8.0_191\bin;C:\Program Files\Java\jre1.8.0_191\bin;C:\WINDOWS\System32\OpenSSH\;E:\android studio\gradle2\gradle-5.4.1\bin;C:\Program Files\Git\cmd;C:\Program Files\PuTTY\;C:\Users\NEWTON\AppData\Local\Programs\Python\Python38\Scripts\;C:\Users\NEWTON\AppData\Local\Programs\Python\Python38\;C:\Users\NEWTON\AppData\Local\Microsoft\WindowsApps;E:\Microsoft VS Code\bin;C:\Users\NEWTON\AppData\Local\atom\bin;C:\Users\NEWTON\AppData\Local\Microsoft\WindowsApps;C:\Users\NEWTON\AppData\Local\GitHubDesktop\bin;
USERNAME=NEWTON
OS=Windows_NT
PROCESSOR_IDENTIFIER=Intel64 Family 6 Model 58 Stepping 9, GenuineIntel



---------------  S Y S T E M  ---------------

OS: Windows 10.0 , 64 bit Build 19041 (10.0.19041.662)

CPU:total 4 (initial active 4) (2 cores per cpu, 2 threads per core) family 6 model 58 stepping 9, cmov, cx8, fxsr, mmx, sse, sse2, sse3, ssse3, sse4.1, sse4.2, popcnt, avx, aes, clmul, erms, ht, tsc, tscinvbit, tscinv

Memory: 4k page, physical 8259272k(927736k free), swap 14203096k(5504k free)

vm_info: OpenJDK 64-Bit Server VM (25.242-b01) for windows-amd64 JRE (1.8.0_242-release-1644-b01), built by "builder" with MS VC++ 10.0 (VS2010)

time: Fri Jan 22 10:21:27 2021
timezone: E. Africa Standard Time
elapsed time: 42 seconds (0d 0h 0m 42s)

