#
# There is insufficient memory for the Java Runtime Environment to continue.
# Native memory allocation (malloc) failed to allocate 1128976 bytes for Chunk::new
# Possible reasons:
#   The system is out of physical RAM or swap space
#   The process is running with CompressedOops enabled, and the Java Heap may be blocking the growth of the native heap
# Possible solutions:
#   Reduce memory load on the system
#   Increase physical memory or swap space
#   Check if swap backing store is full
#   Decrease Java heap size (-Xmx/-Xms)
#   Decrease number of Java threads
#   Decrease Java thread stack sizes (-Xss)
#   Set larger code cache with -XX:ReservedCodeCacheSize=
#   JVM is running with Unscaled Compressed Oops mode in which the Java heap is
#     placed in the first 4GB address space. The Java Heap base address is the
#     maximum limit for the native heap growth. Please use -XX:HeapBaseMinAddress
#     to set the Java Heap base and to place the Java Heap above 4GB virtual address.
# This output file may be truncated or incomplete.
#
#  Out of Memory Error (allocation.cpp:389), pid=12424, tid=0x0000000000003770
#
# JRE version: OpenJDK Runtime Environment (8.0_242-b01) (build 1.8.0_242-release-1644-b01)
# Java VM: OpenJDK 64-Bit Server VM (25.242-b01 mixed mode windows-amd64 compressed oops)
# Failed to write core dump. Minidumps are not enabled by default on client versions of Windows
#

---------------  T H R E A D  ---------------

Current thread (0x0000000017a93000):  JavaThread "C2 CompilerThread0" daemon [_thread_in_native, id=14192, stack(0x00000000190f0000,0x00000000191f0000)]

Stack: [0x00000000190f0000,0x00000000191f0000]
[error occurred during error reporting (printing stack bounds), id 0xc0000005]

Native frames: (J=compiled Java code, j=interpreted, Vv=VM code, C=native code)


Current CompileTask:
C2:   6151 1510       4       java.net.URLClassLoader$1::run (5 bytes)


---------------  P R O C E S S  ---------------

Java Threads: ( => current thread )
  0x000000001a632800 JavaThread "File lock request listener" [_thread_in_native, id=14924, stack(0x000000001d910000,0x000000001da10000)]
  0x000000001a632000 JavaThread "Cache worker for journal cache (C:\Users\NEWTON\.gradle\caches\journal-1)" [_thread_blocked, id=15256, stack(0x000000001d810000,0x000000001d910000)]
  0x000000001ac1f800 JavaThread "Thread-9" [_thread_blocked, id=6412, stack(0x000000001d510000,0x000000001d610000)]
  0x000000001b65e800 JavaThread "Stdin handler" [_thread_blocked, id=8116, stack(0x000000001d410000,0x000000001d510000)]
  0x000000001b65e000 JavaThread "Asynchronous log dispatcher for DefaultDaemonConnection: socket connection from /127.0.0.1:51466 to /127.0.0.1:51467" [_thread_blocked, id=14936, stack(0x000000001d310000,0x000000001d410000)]
  0x000000001b673800 JavaThread "Daemon worker" [_thread_blocked, id=14856, stack(0x000000001d210000,0x000000001d310000)]
  0x000000001b66e000 JavaThread "Cancel handler" [_thread_blocked, id=15332, stack(0x000000001d110000,0x000000001d210000)]
  0x000000001b644800 JavaThread "Handler for socket connection from /127.0.0.1:51466 to /127.0.0.1:51467" [_thread_in_native, id=10712, stack(0x000000001ce10000,0x000000001cf10000)]
  0x000000001b63e000 JavaThread "Daemon" [_thread_blocked, id=14728, stack(0x000000001cd10000,0x000000001ce10000)]
  0x000000001b5d4000 JavaThread "Daemon periodic checks" [_thread_blocked, id=15092, stack(0x000000001cc10000,0x000000001cd10000)]
  0x000000001b5d1800 JavaThread "Incoming local TCP Connector on port 51466" [_thread_in_native, id=14932, stack(0x000000001c9d0000,0x000000001cad0000)]
  0x000000001b572000 JavaThread "Daemon health stats" [_thread_blocked, id=10728, stack(0x000000001c390000,0x000000001c490000)]
  0x000000001943c800 JavaThread "Service Thread" daemon [_thread_blocked, id=3128, stack(0x00000000197f0000,0x00000000198f0000)]
  0x0000000017aa8800 JavaThread "C1 CompilerThread2" daemon [_thread_blocked, id=13360, stack(0x00000000192f0000,0x00000000193f0000)]
  0x0000000017a9a800 JavaThread "C2 CompilerThread1" daemon [_thread_blocked, id=1300, stack(0x00000000191f0000,0x00000000192f0000)]
=>0x0000000017a93000 JavaThread "C2 CompilerThread0" daemon [_thread_in_native, id=14192, stack(0x00000000190f0000,0x00000000191f0000)]
  0x0000000017a96000 JavaThread "Attach Listener" daemon [_thread_blocked, id=15352, stack(0x0000000018ff0000,0x00000000190f0000)]
  0x0000000017a94800 JavaThread "Signal Dispatcher" daemon [_thread_blocked, id=12872, stack(0x0000000018ef0000,0x0000000018ff0000)]
  0x0000000002e6b000 JavaThread "Finalizer" daemon [_thread_blocked, id=376, stack(0x0000000018ce0000,0x0000000018de0000)]
  0x0000000017a79000 JavaThread "Reference Handler" daemon [_thread_blocked, id=3320, stack(0x0000000018be0000,0x0000000018ce0000)]
  0x0000000002d0d800 JavaThread "main" [_thread_blocked, id=11956, stack(0x0000000002bf0000,0x0000000002cf0000)]

Other Threads:
  0x0000000017a56800 VMThread [stack: 0x0000000018ae0000,0x0000000018be0000] [id=14348]
  0x000000001943d000 WatcherThread [stack: 0x00000000198f0000,0x00000000199f0000] [id=13332]

VM state:at safepoint (normal execution)

VM Mutex/Monitor currently owned by a thread:  ([mutex/lock_event])
[0x0000000002d0c520] Threads_lock - owner thread: 0x0000000017a56800
[0x0000000002d0cca0] Heap_lock - owner thread: 0x000000001b673800

heap address: 0x0000000080000000, size: 2048 MB, Compressed Oops mode: 32-bit
Narrow klass base: 0x0000000000000000, Narrow klass shift: 3
Compressed class space size: 1073741824 Address: 0x0000000100000000

Heap:
 PSYoungGen      total 38400K, used 38384K [0x00000000d5580000, 0x00000000d8000000, 0x0000000100000000)
  eden space 33280K, 100% used [0x00000000d5580000,0x00000000d7600000,0x00000000d7600000)
  from space 5120K, 99% used [0x00000000d7600000,0x00000000d7afc010,0x00000000d7b00000)
  to   space 5120K, 46% used [0x00000000d7b00000,0x00000000d7d502d0,0x00000000d8000000)
 ParOldGen       total 87552K, used 1163K [0x0000000080000000, 0x0000000085580000, 0x00000000d5580000)
  object space 87552K, 1% used [0x0000000080000000,0x0000000080122f30,0x0000000085580000)
 Metaspace       used 15186K, capacity 15662K, committed 15744K, reserved 1062912K
  class space    used 2004K, capacity 2165K, committed 2176K, reserved 1048576K

Card table byte_map: [0x0000000012230000,0x0000000012640000] byte_map_base: 0x0000000011e30000

Marking Bits: (ParMarkBitMap*) 0x000000006c6ef030
 Begin Bits: [0x0000000012cf0000, 0x0000000014cf0000)
 End Bits:   [0x0000000014cf0000, 0x0000000016cf0000)

Polling page: 0x0000000002cf0000

CodeCache: size=245760Kb used=5350Kb max_used=5360Kb free=240409Kb
 bounds [0x0000000002e70000, 0x00000000033b0000, 0x0000000011e70000]
 total_blobs=1900 nmethods=1516 adapters=297
 compilation: enabled

Compilation events (10 events):
Event: 6.087 Thread 0x0000000017aa8800 1513       3       java.util.concurrent.locks.AbstractQueuedSynchronizer::release (33 bytes)
Event: 6.087 Thread 0x0000000017aa8800 nmethod 1513 0x00000000033aad90 code [0x00000000033aaf00, 0x00000000033ab218]
Event: 6.087 Thread 0x0000000017aa8800 1514       3       java.util.concurrent.locks.AbstractQueuedSynchronizer::compareAndSetState (13 bytes)
Event: 6.088 Thread 0x0000000017aa8800 nmethod 1514 0x00000000033aaa50 code [0x00000000033aaba0, 0x00000000033aad10]
Event: 6.095 Thread 0x0000000017a9a800 1515 %     4       java.util.Properties$LineReader::readLine @ 21 (468 bytes)
Event: 6.106 Thread 0x0000000017a9a800 nmethod 1515% 0x00000000033ae290 code [0x00000000033ae440, 0x00000000033aefd8]
Event: 6.108 Thread 0x0000000017a9a800 1516       4       java.lang.String::codePointAt (36 bytes)
Event: 6.109 Thread 0x0000000017a9a800 nmethod 1516 0x00000000033ac710 code [0x00000000033ac860, 0x00000000033ac958]
Event: 6.126 Thread 0x0000000017aa8800 1517       3       java.util.concurrent.locks.ReentrantLock$Sync::tryRelease (45 bytes)
Event: 6.126 Thread 0x0000000017aa8800 nmethod 1517 0x00000000033ada10 code [0x00000000033adba0, 0x00000000033ae148]

GC Heap History (6 events):
Event: 2.748 GC heap before
{Heap before GC invocations=1 (full 0):
 PSYoungGen      total 38400K, used 33280K [0x00000000d5580000, 0x00000000d8000000, 0x0000000100000000)
  eden space 33280K, 100% used [0x00000000d5580000,0x00000000d7600000,0x00000000d7600000)
  from space 5120K, 0% used [0x00000000d7b00000,0x00000000d7b00000,0x00000000d8000000)
  to   space 5120K, 0% used [0x00000000d7600000,0x00000000d7600000,0x00000000d7b00000)
 ParOldGen       total 87552K, used 0K [0x0000000080000000, 0x0000000085580000, 0x00000000d5580000)
  object space 87552K, 0% used [0x0000000080000000,0x0000000080000000,0x0000000085580000)
 Metaspace       used 7206K, capacity 7438K, committed 7680K, reserved 1056768K
  class space    used 888K, capacity 973K, committed 1024K, reserved 1048576K
Event: 2.797 GC heap after
Heap after GC invocations=1 (full 0):
 PSYoungGen      total 38400K, used 4414K [0x00000000d5580000, 0x00000000d8000000, 0x0000000100000000)
  eden space 33280K, 0% used [0x00000000d5580000,0x00000000d5580000,0x00000000d7600000)
  from space 5120K, 86% used [0x00000000d7600000,0x00000000d7a4f9c8,0x00000000d7b00000)
  to   space 5120K, 0% used [0x00000000d7b00000,0x00000000d7b00000,0x00000000d8000000)
 ParOldGen       total 87552K, used 16K [0x0000000080000000, 0x0000000085580000, 0x00000000d5580000)
  object space 87552K, 0% used [0x0000000080000000,0x0000000080004000,0x0000000085580000)
 Metaspace       used 7206K, capacity 7438K, committed 7680K, reserved 1056768K
  class space    used 888K, capacity 973K, committed 1024K, reserved 1048576K
}
Event: 3.208 GC heap before
{Heap before GC invocations=2 (full 0):
 PSYoungGen      total 38400K, used 37694K [0x00000000d5580000, 0x00000000d8000000, 0x0000000100000000)
  eden space 33280K, 100% used [0x00000000d5580000,0x00000000d7600000,0x00000000d7600000)
  from space 5120K, 86% used [0x00000000d7600000,0x00000000d7a4f9c8,0x00000000d7b00000)
  to   space 5120K, 0% used [0x00000000d7b00000,0x00000000d7b00000,0x00000000d8000000)
 ParOldGen       total 87552K, used 16K [0x0000000080000000, 0x0000000085580000, 0x00000000d5580000)
  object space 87552K, 0% used [0x0000000080000000,0x0000000080004000,0x0000000085580000)
 Metaspace       used 7453K, capacity 7750K, committed 7936K, reserved 1056768K
  class space    used 914K, capacity 1013K, committed 1024K, reserved 1048576K
Event: 3.212 GC heap after
Heap after GC invocations=2 (full 0):
 PSYoungGen      total 38400K, used 3233K [0x00000000d5580000, 0x00000000d8000000, 0x0000000100000000)
  eden space 33280K, 0% used [0x00000000d5580000,0x00000000d5580000,0x00000000d7600000)
  from space 5120K, 63% used [0x00000000d7b00000,0x00000000d7e285e8,0x00000000d8000000)
  to   space 5120K, 0% used [0x00000000d7600000,0x00000000d7600000,0x00000000d7b00000)
 ParOldGen       total 87552K, used 24K [0x0000000080000000, 0x0000000085580000, 0x00000000d5580000)
  object space 87552K, 0% used [0x0000000080000000,0x0000000080006000,0x0000000085580000)
 Metaspace       used 7453K, capacity 7750K, committed 7936K, reserved 1056768K
  class space    used 914K, capacity 1013K, committed 1024K, reserved 1048576K
}
Event: 4.944 GC heap before
{Heap before GC invocations=3 (full 0):
 PSYoungGen      total 38400K, used 36513K [0x00000000d5580000, 0x00000000d8000000, 0x0000000100000000)
  eden space 33280K, 100% used [0x00000000d5580000,0x00000000d7600000,0x00000000d7600000)
  from space 5120K, 63% used [0x00000000d7b00000,0x00000000d7e285e8,0x00000000d8000000)
  to   space 5120K, 0% used [0x00000000d7600000,0x00000000d7600000,0x00000000d7b00000)
 ParOldGen       total 87552K, used 24K [0x0000000080000000, 0x0000000085580000, 0x00000000d5580000)
  object space 87552K, 0% used [0x0000000080000000,0x0000000080006000,0x0000000085580000)
 Metaspace       used 12128K, capacity 12500K, committed 12800K, reserved 1060864K
  class space    used 1618K, capacity 1738K, committed 1792K, reserved 1048576K
Event: 4.950 GC heap after
Heap after GC invocations=3 (full 0):
 PSYoungGen      total 38400K, used 5104K [0x00000000d5580000, 0x00000000d8000000, 0x0000000100000000)
  eden space 33280K, 0% used [0x00000000d5580000,0x00000000d5580000,0x00000000d7600000)
  from space 5120K, 99% used [0x00000000d7600000,0x00000000d7afc010,0x00000000d7b00000)
  to   space 5120K, 0% used [0x00000000d7b00000,0x00000000d7b00000,0x00000000d8000000)
 ParOldGen       total 87552K, used 1163K [0x0000000080000000, 0x0000000085580000, 0x00000000d5580000)
  object space 87552K, 1% used [0x0000000080000000,0x0000000080122f30,0x0000000085580000)
 Metaspace       used 12128K, capacity 12500K, committed 12800K, reserved 1060864K
  class space    used 1618K, capacity 1738K, committed 1792K, reserved 1048576K
}

Deoptimization events (10 events):
Event: 4.978 Thread 0x000000001b673800 Uncommon trap: reason=bimorphic action=maybe_recompile pc=0x0000000003171464 method=java.util.HashMap.putVal(ILjava/lang/Object;Ljava/lang/Object;ZZ)Ljava/lang/Object; @ 253
Event: 4.979 Thread 0x000000001b673800 Uncommon trap: reason=bimorphic action=maybe_recompile pc=0x000000000318fc00 method=java.util.HashMap.putVal(ILjava/lang/Object;Ljava/lang/Object;ZZ)Ljava/lang/Object; @ 253
Event: 5.987 Thread 0x000000001b673800 Uncommon trap: reason=class_check action=maybe_recompile pc=0x00000000031aa618 method=java.util.regex.Matcher.match(II)Z @ 86
Event: 5.987 Thread 0x000000001b673800 Uncommon trap: reason=class_check action=maybe_recompile pc=0x00000000031aa618 method=java.util.regex.Matcher.match(II)Z @ 86
Event: 5.988 Thread 0x000000001b673800 Uncommon trap: reason=class_check action=maybe_recompile pc=0x00000000031aa618 method=java.util.regex.Matcher.match(II)Z @ 86
Event: 5.988 Thread 0x000000001b673800 Uncommon trap: reason=class_check action=maybe_recompile pc=0x000000000303ac8c method=java.util.regex.Matcher.match(II)Z @ 86
Event: 6.024 Thread 0x000000001b673800 Uncommon trap: reason=bimorphic action=maybe_recompile pc=0x00000000033894b4 method=java.util.regex.Matcher.match(II)Z @ 86
Event: 6.024 Thread 0x000000001b673800 Uncommon trap: reason=bimorphic action=maybe_recompile pc=0x00000000033894b4 method=java.util.regex.Matcher.match(II)Z @ 86
Event: 6.034 Thread 0x000000001b673800 Uncommon trap: reason=bimorphic action=maybe_recompile pc=0x00000000033894b4 method=java.util.regex.Matcher.match(II)Z @ 86
Event: 6.108 Thread 0x000000001b673800 Uncommon trap: reason=bimorphic action=maybe_recompile pc=0x00000000033894b4 method=java.util.regex.Matcher.match(II)Z @ 86

Classes redefined (0 events):
No events

Internal exceptions (10 events):
Event: 4.885 Thread 0x000000001b644800 Exception <a 'java/lang/NoSuchMethodError': <clinit>> (0x00000000d73da5a8) thrown at [C:\src\AOSP-openjdk-git\hotspot\src\share\vm\prims\jni.cpp, line 1615]
Event: 4.889 Thread 0x000000001b644800 Exception <a 'java/lang/NoSuchMethodError': <clinit>> (0x00000000d73eced8) thrown at [C:\src\AOSP-openjdk-git\hotspot\src\share\vm\prims\jni.cpp, line 1615]
Event: 4.894 Thread 0x000000001b644800 Exception <a 'java/lang/NoSuchMethodError': <clinit>> (0x00000000d7414010) thrown at [C:\src\AOSP-openjdk-git\hotspot\src\share\vm\prims\jni.cpp, line 1615]
Event: 4.897 Thread 0x000000001b644800 Exception <a 'java/lang/NoSuchMethodError': <clinit>> (0x00000000d742bb40) thrown at [C:\src\AOSP-openjdk-git\hotspot\src\share\vm\prims\jni.cpp, line 1615]
Event: 4.897 Thread 0x000000001b644800 Exception <a 'java/lang/NoSuchMethodError': <clinit>> (0x00000000d74346e0) thrown at [C:\src\AOSP-openjdk-git\hotspot\src\share\vm\prims\jni.cpp, line 1615]
Event: 4.899 Thread 0x000000001b644800 Exception <a 'java/lang/NoSuchMethodError': <clinit>> (0x00000000d744aa20) thrown at [C:\src\AOSP-openjdk-git\hotspot\src\share\vm\prims\jni.cpp, line 1615]
Event: 4.914 Thread 0x000000001b644800 Exception <a 'java/lang/NoSuchMethodError': <clinit>> (0x00000000d74c4460) thrown at [C:\src\AOSP-openjdk-git\hotspot\src\share\vm\prims\jni.cpp, line 1615]
Event: 4.922 Thread 0x000000001b644800 Exception <a 'java/lang/NoSuchMethodError': <clinit>> (0x00000000d74f3a80) thrown at [C:\src\AOSP-openjdk-git\hotspot\src\share\vm\prims\jni.cpp, line 1615]
Event: 4.928 Thread 0x000000001b644800 Exception <a 'java/lang/NoSuchMethodError': <clinit>> (0x00000000d7522008) thrown at [C:\src\AOSP-openjdk-git\hotspot\src\share\vm\prims\jni.cpp, line 1615]
Event: 4.930 Thread 0x000000001b644800 Exception <a 'java/lang/NoSuchMethodError': <clinit>> (0x00000000d752e480) thrown at [C:\src\AOSP-openjdk-git\hotspot\src\share\vm\prims\jni.cpp, line 1615]

Events (10 events):
Event: 6.137 loading class kotlin/collections/CollectionsKt__CollectionsKt
Event: 6.137 loading class kotlin/collections/CollectionsKt__CollectionsKt done
Event: 6.138 loading class kotlin/collections/CollectionsKt__CollectionsJVMKt
Event: 6.138 loading class kotlin/collections/CollectionsKt__CollectionsJVMKt done
Event: 6.139 loading class kotlin/TypeCastException
Event: 6.139 loading class kotlin/TypeCastException done
Event: 6.140 loading class kotlin/collections/ArraysKt
Event: 6.140 loading class kotlin/collections/ArraysKt done
Event: 6.140 loading class kotlin/collections/ArraysKt___ArraysKt
Event: 6.140 loading class kotlin/collections/ArraysKt___ArraysKt done


Dynamic libraries:
0x00007ff646e00000 - 0x00007ff646e31000 	E:\Android\jre\bin\java.exe
0x00007ffa97950000 - 0x00007ffa97b46000 	C:\WINDOWS\SYSTEM32\ntdll.dll
0x00007ffa96dd0000 - 0x00007ffa96e8d000 	C:\WINDOWS\System32\KERNEL32.DLL
0x00007ffa951b0000 - 0x00007ffa95479000 	C:\WINDOWS\System32\KERNELBASE.dll
0x00007ffa95c10000 - 0x00007ffa95cbc000 	C:\WINDOWS\System32\ADVAPI32.dll
0x00007ffa95cc0000 - 0x00007ffa95d5e000 	C:\WINDOWS\System32\msvcrt.dll
0x00007ffa95e30000 - 0x00007ffa95ecc000 	C:\WINDOWS\System32\sechost.dll
0x00007ffa97600000 - 0x00007ffa9772b000 	C:\WINDOWS\System32\RPCRT4.dll
0x00007ffa96f00000 - 0x00007ffa970a0000 	C:\WINDOWS\System32\USER32.dll
0x00007ffa95090000 - 0x00007ffa950b2000 	C:\WINDOWS\System32\win32u.dll
0x00007ffa975d0000 - 0x00007ffa975fa000 	C:\WINDOWS\System32\GDI32.dll
0x00007ffa957f0000 - 0x00007ffa958f9000 	C:\WINDOWS\System32\gdi32full.dll
0x00007ffa95110000 - 0x00007ffa951ad000 	C:\WINDOWS\System32\msvcp_win.dll
0x00007ffa95560000 - 0x00007ffa95660000 	C:\WINDOWS\System32\ucrtbase.dll
0x00007ffa85280000 - 0x00007ffa8551b000 	C:\WINDOWS\WinSxS\amd64_microsoft.windows.common-controls_6595b64144ccf1df_6.0.19041.488_none_ca04af081b815d21\COMCTL32.dll
0x00007ffa95f40000 - 0x00007ffa95f70000 	C:\WINDOWS\System32\IMM32.DLL
0x000000006bd20000 - 0x000000006bdf2000 	E:\Android\jre\jre\bin\msvcr100.dll
0x000000006bf20000 - 0x000000006c76b000 	E:\Android\jre\jre\bin\server\jvm.dll
0x00007ffa95dc0000 - 0x00007ffa95dc8000 	C:\WINDOWS\System32\PSAPI.DLL
0x00007ffa85520000 - 0x00007ffa85547000 	C:\WINDOWS\SYSTEM32\WINMM.dll
0x00007ffa84dd0000 - 0x00007ffa84dda000 	C:\WINDOWS\SYSTEM32\VERSION.dll
0x00007ffa84b60000 - 0x00007ffa84b69000 	C:\WINDOWS\SYSTEM32\WSOCK32.dll
0x00007ffa96e90000 - 0x00007ffa96efb000 	C:\WINDOWS\System32\WS2_32.dll
0x00007ffa92960000 - 0x00007ffa9296f000 	E:\Android\jre\jre\bin\verify.dll
0x00007ffa83f40000 - 0x00007ffa83f69000 	E:\Android\jre\jre\bin\java.dll
0x00007ffa85db0000 - 0x00007ffa85dc6000 	E:\Android\jre\jre\bin\zip.dll
0x00007ffa96240000 - 0x00007ffa96982000 	C:\WINDOWS\System32\SHELL32.dll
0x00007ffa931e0000 - 0x00007ffa93975000 	C:\WINDOWS\SYSTEM32\windows.storage.dll
0x00007ffa96990000 - 0x00007ffa96ce6000 	C:\WINDOWS\System32\combase.dll
0x00007ffa94a80000 - 0x00007ffa94aac000 	C:\WINDOWS\SYSTEM32\Wldp.dll
0x00007ffa97860000 - 0x00007ffa9790e000 	C:\WINDOWS\System32\SHCORE.dll
0x00007ffa95ee0000 - 0x00007ffa95f35000 	C:\WINDOWS\System32\shlwapi.dll
0x00007ffa94fc0000 - 0x00007ffa94fe6000 	C:\WINDOWS\SYSTEM32\profapi.dll
0x00007ffa79ee0000 - 0x00007ffa79efa000 	E:\Android\jre\jre\bin\net.dll
0x00007ffa947b0000 - 0x00007ffa9481a000 	C:\WINDOWS\system32\mswsock.dll
0x00007ffa79ec0000 - 0x00007ffa79ed3000 	E:\Android\jre\jre\bin\nio.dll
0x00007ffa92990000 - 0x00007ffa929b7000 	C:\Users\NEWTON\.gradle\native\f6784746aeab05261644944871eae4fe03e0ef1612fff0a4a95f87b438bc6780\windows-amd64\native-platform.dll
0x00007ffa8dc40000 - 0x00007ffa8dc4d000 	E:\Android\jre\jre\bin\management.dll
0x00007ffa94980000 - 0x00007ffa94998000 	C:\WINDOWS\SYSTEM32\CRYPTSP.dll
0x00007ffa94140000 - 0x00007ffa94174000 	C:\WINDOWS\system32\rsaenh.dll
0x00007ffa957c0000 - 0x00007ffa957e7000 	C:\WINDOWS\System32\bcrypt.dll
0x00007ffa94f80000 - 0x00007ffa94fae000 	C:\WINDOWS\SYSTEM32\USERENV.dll
0x00007ffa954e0000 - 0x00007ffa95560000 	C:\WINDOWS\System32\bcryptprimitives.dll
0x00007ffa94c00000 - 0x00007ffa94c0c000 	C:\WINDOWS\SYSTEM32\CRYPTBASE.dll
0x00007ffa944a0000 - 0x00007ffa944db000 	C:\WINDOWS\SYSTEM32\IPHLPAPI.DLL
0x00007ffa975a0000 - 0x00007ffa975a8000 	C:\WINDOWS\System32\NSI.dll
0x00007ffa8a3c0000 - 0x00007ffa8a3d7000 	C:\WINDOWS\SYSTEM32\dhcpcsvc6.DLL
0x00007ffa8a3a0000 - 0x00007ffa8a3bd000 	C:\WINDOWS\SYSTEM32\dhcpcsvc.DLL
0x00007ffa944e0000 - 0x00007ffa945ab000 	C:\WINDOWS\SYSTEM32\DNSAPI.dll
0x00007ffa8a5e0000 - 0x00007ffa8a5eb000 	C:\WINDOWS\SYSTEM32\WINNSI.DLL

VM Arguments:
jvm_args: -Xmx2048m -Dfile.encoding=UTF-8 -Duser.country=US -Duser.language=en -Duser.variant 
java_command: org.gradle.launcher.daemon.bootstrap.GradleDaemon 6.5
java_class_path (initial): C:\Users\NEWTON\.gradle\wrapper\dists\gradle-6.5-bin\6nifqtx7604sqp1q6g8wikw7p\gradle-6.5\lib\gradle-launcher-6.5.jar
Launcher Type: SUN_STANDARD

Environment Variables:
PATH=C:\Program Files (x86)\Common Files\Oracle\Java\javapath;C:\WINDOWS\system32;C:\WINDOWS;C:\WINDOWS\System32\Wbem;C:\WINDOWS\System32\WindowsPowerShell\v1.0\;C:\Program Files\Java\jdk1.8.0_191\bin;C:\Program Files\Java\jre1.8.0_191\bin;C:\WINDOWS\System32\OpenSSH\;E:\android studio\gradle2\gradle-5.4.1\bin;C:\Program Files\Git\cmd;C:\Program Files\PuTTY\;C:\Users\NEWTON\AppData\Local\Programs\Python\Python38\Scripts\;C:\Users\NEWTON\AppData\Local\Programs\Python\Python38\;C:\Users\NEWTON\AppData\Local\Microsoft\WindowsApps;E:\Microsoft VS Code\bin;C:\Users\NEWTON\AppData\Local\atom\bin;C:\Users\NEWTON\AppData\Local\Microsoft\WindowsApps;C:\Users\NEWTON\AppData\Local\GitHubDesktop\bin;
USERNAME=NEWTON
OS=Windows_NT
PROCESSOR_IDENTIFIER=Intel64 Family 6 Model 58 Stepping 9, GenuineIntel



---------------  S Y S T E M  ---------------

OS: Windows 10.0 , 64 bit Build 19041 (10.0.19041.662)

CPU:total 4 (initial active 4) (2 cores per cpu, 2 threads per core) family 6 model 58 stepping 9, cmov, cx8, fxsr, mmx, sse, sse2, sse3, ssse3, sse4.1, sse4.2, popcnt, avx, aes, clmul, erms, ht, tsc, tscinvbit, tscinv

Memory: 4k page, physical 8259272k(990136k free), swap 14203096k(5616k free)

vm_info: OpenJDK 64-Bit Server VM (25.242-b01) for windows-amd64 JRE (1.8.0_242-release-1644-b01), built by "builder" with MS VC++ 10.0 (VS2010)

time: Fri Jan 22 10:14:56 2021
timezone: E. Africa Standard Time
elapsed time: 6 seconds (0d 0h 0m 6s)

