#
# There is insufficient memory for the Java Runtime Environment to continue.
# Native memory allocation (malloc) failed to allocate 1841072 bytes for Chunk::new
# Possible reasons:
#   The system is out of physical RAM or swap space
#   The process is running with CompressedOops enabled, and the Java Heap may be blocking the growth of the native heap
# Possible solutions:
#   Reduce memory load on the system
#   Increase physical memory or swap space
#   Check if swap backing store is full
#   Decrease Java heap size (-Xmx/-Xms)
#   Decrease number of Java threads
#   Decrease Java thread stack sizes (-Xss)
#   Set larger code cache with -XX:ReservedCodeCacheSize=
#   JVM is running with Unscaled Compressed Oops mode in which the Java heap is
#     placed in the first 4GB address space. The Java Heap base address is the
#     maximum limit for the native heap growth. Please use -XX:HeapBaseMinAddress
#     to set the Java Heap base and to place the Java Heap above 4GB virtual address.
# This output file may be truncated or incomplete.
#
#  Out of Memory Error (allocation.cpp:389), pid=2168, tid=0x00000000000013bc
#
# JRE version: OpenJDK Runtime Environment (8.0_242-b01) (build 1.8.0_242-release-1644-b01)
# Java VM: OpenJDK 64-Bit Server VM (25.242-b01 mixed mode windows-amd64 compressed oops)
# Failed to write core dump. Minidumps are not enabled by default on client versions of Windows
#

---------------  T H R E A D  ---------------

Current thread (0x00000000170e9000):  JavaThread "C2 CompilerThread0" daemon [_thread_in_native, id=5052, stack(0x0000000018740000,0x0000000018840000)]

Stack: [0x0000000018740000,0x0000000018840000]
[error occurred during error reporting (printing stack bounds), id 0xc0000005]

Native frames: (J=compiled Java code, j=interpreted, Vv=VM code, C=native code)


Current CompileTask:
C2:   4833 1560   !   4       java.net.URLClassLoader$1::run (63 bytes)


---------------  P R O C E S S  ---------------

Java Threads: ( => current thread )
  0x00000000170fe800 JavaThread "Cache worker for file hash cache (C:\Users\NEWTON\.gradle\caches\6.5\fileHashes)" [_thread_blocked, id=728, stack(0x000000001d0d0000,0x000000001d1d0000)]
  0x00000000170fb800 JavaThread "File lock request listener" [_thread_in_native, id=8292, stack(0x000000001cfd0000,0x000000001d0d0000)]
  0x0000000017100800 JavaThread "Cache worker for journal cache (C:\Users\NEWTON\.gradle\caches\journal-1)" [_thread_blocked, id=11476, stack(0x000000001ced0000,0x000000001cfd0000)]
  0x000000001aca5000 JavaThread "Thread-9" [_thread_blocked, id=13604, stack(0x000000001cbd0000,0x000000001ccd0000)]
  0x000000001ad36000 JavaThread "Stdin handler" [_thread_blocked, id=1568, stack(0x000000001cad0000,0x000000001cbd0000)]
  0x000000001acb5800 JavaThread "Asynchronous log dispatcher for DefaultDaemonConnection: socket connection from /127.0.0.1:51774 to /127.0.0.1:51775" [_thread_blocked, id=5644, stack(0x000000001c9d0000,0x000000001cad0000)]
  0x0000000018e24800 JavaThread "Daemon worker" [_thread_in_vm, id=1524, stack(0x000000001c8d0000,0x000000001c9d0000)]
  0x000000001acab800 JavaThread "Cancel handler" [_thread_blocked, id=4900, stack(0x000000001c7d0000,0x000000001c8d0000)]
  0x000000001abfb000 JavaThread "Handler for socket connection from /127.0.0.1:51774 to /127.0.0.1:51775" [_thread_in_native, id=12916, stack(0x000000001c4d0000,0x000000001c5d0000)]
  0x000000001abf8800 JavaThread "Daemon" [_thread_blocked, id=12056, stack(0x000000001c3d0000,0x000000001c4d0000)]
  0x000000001ab49800 JavaThread "Daemon periodic checks" [_thread_blocked, id=13328, stack(0x000000001c2d0000,0x000000001c3d0000)]
  0x000000001ab4e000 JavaThread "Incoming local TCP Connector on port 51774" [_thread_in_native, id=10692, stack(0x000000001c090000,0x000000001c190000)]
  0x0000000018e0d000 JavaThread "Daemon health stats" [_thread_blocked, id=11336, stack(0x000000001ba50000,0x000000001bb50000)]
  0x0000000018a89800 JavaThread "Service Thread" daemon [_thread_blocked, id=10568, stack(0x0000000018e40000,0x0000000018f40000)]
  0x0000000017101800 JavaThread "C1 CompilerThread2" daemon [_thread_blocked, id=8900, stack(0x0000000018940000,0x0000000018a40000)]
  0x00000000170ed800 JavaThread "C2 CompilerThread1" daemon [_thread_blocked, id=4224, stack(0x0000000018840000,0x0000000018940000)]
=>0x00000000170e9000 JavaThread "C2 CompilerThread0" daemon [_thread_in_native, id=5052, stack(0x0000000018740000,0x0000000018840000)]
  0x00000000170e4800 JavaThread "Attach Listener" daemon [_thread_blocked, id=1972, stack(0x0000000018640000,0x0000000018740000)]
  0x00000000170e0000 JavaThread "Signal Dispatcher" daemon [_thread_blocked, id=13912, stack(0x0000000018540000,0x0000000018640000)]
  0x00000000024bb000 JavaThread "Finalizer" daemon [_thread_blocked, id=12260, stack(0x0000000018340000,0x0000000018440000)]
  0x00000000170c9000 JavaThread "Reference Handler" daemon [_thread_blocked, id=2716, stack(0x0000000018240000,0x0000000018340000)]
  0x00000000023bd800 JavaThread "main" [_thread_blocked, id=3528, stack(0x0000000002250000,0x0000000002350000)]

Other Threads:
  0x00000000170a6800 VMThread [stack: 0x0000000018140000,0x0000000018240000] [id=4996]
  0x000000001713d800 WatcherThread [stack: 0x0000000018f40000,0x0000000019040000] [id=10508]

VM state:not at safepoint (normal execution)

VM Mutex/Monitor currently owned by a thread: None

heap address: 0x0000000080000000, size: 2048 MB, Compressed Oops mode: 32-bit
Narrow klass base: 0x0000000000000000, Narrow klass shift: 3
Compressed class space size: 1073741824 Address: 0x0000000100000000

Heap:
 PSYoungGen      total 38400K, used 12503K [0x00000000d5580000, 0x00000000da080000, 0x0000000100000000)
  eden space 33280K, 22% used [0x00000000d5580000,0x00000000d5cb9df0,0x00000000d7600000)
  from space 5120K, 99% used [0x00000000d7600000,0x00000000d7afc010,0x00000000d7b00000)
  to   space 5120K, 0% used [0x00000000d7b00000,0x00000000d7b00000,0x00000000d8000000)
 ParOldGen       total 87552K, used 6530K [0x0000000080000000, 0x0000000085580000, 0x00000000d5580000)
  object space 87552K, 7% used [0x0000000080000000,0x0000000080660ab0,0x0000000085580000)
 Metaspace       used 18543K, capacity 19232K, committed 19456K, reserved 1067008K
  class space    used 2541K, capacity 2748K, committed 2816K, reserved 1048576K

Card table byte_map: [0x0000000011880000,0x0000000011c90000] byte_map_base: 0x0000000011480000

Marking Bits: (ParMarkBitMap*) 0x000000006c6ef030
 Begin Bits: [0x0000000012340000, 0x0000000014340000)
 End Bits:   [0x0000000014340000, 0x0000000016340000)

Polling page: 0x0000000002180000

CodeCache: size=245760Kb used=5982Kb max_used=5990Kb free=239777Kb
 bounds [0x00000000024c0000, 0x0000000002aa0000, 0x00000000114c0000]
 total_blobs=2099 nmethods=1687 adapters=325
 compilation: enabled

Compilation events (10 events):
Event: 4.801 Thread 0x0000000017101800 1684       3       jdk.internal.org.objectweb.asm.MethodWriter::visitLabel (281 bytes)
Event: 4.802 Thread 0x0000000017101800 nmethod 1684 0x0000000002a98650 code [0x0000000002a98800, 0x0000000002a98fc8]
Event: 4.803 Thread 0x00000000170ed800 1685       4       java.util.HashMap::hash (20 bytes)
Event: 4.804 Thread 0x00000000170ed800 nmethod 1685 0x0000000002a6af10 code [0x0000000002a6b060, 0x0000000002a6b118]
Event: 4.807 Thread 0x0000000017101800 1686       3       org.objectweb.asm.ByteVector::putShort (52 bytes)
Event: 4.807 Thread 0x0000000017101800 nmethod 1686 0x0000000002a98110 code [0x0000000002a98280, 0x0000000002a984c8]
Event: 4.816 Thread 0x0000000017101800 1687       3       sun.reflect.ConstructorAccessorImpl::<init> (5 bytes)
Event: 4.816 Thread 0x0000000017101800 nmethod 1687 0x0000000002a97cd0 code [0x0000000002a97e40, 0x0000000002a98050]
Event: 4.830 Thread 0x0000000017101800 1688       3       java.util.jar.Attributes$Name::isDigit (18 bytes)
Event: 4.830 Thread 0x0000000017101800 nmethod 1688 0x0000000002a97950 code [0x0000000002a97aa0, 0x0000000002a97c70]

GC Heap History (10 events):
Event: 1.727 GC heap before
{Heap before GC invocations=1 (full 0):
 PSYoungGen      total 38400K, used 33280K [0x00000000d5580000, 0x00000000d8000000, 0x0000000100000000)
  eden space 33280K, 100% used [0x00000000d5580000,0x00000000d7600000,0x00000000d7600000)
  from space 5120K, 0% used [0x00000000d7b00000,0x00000000d7b00000,0x00000000d8000000)
  to   space 5120K, 0% used [0x00000000d7600000,0x00000000d7600000,0x00000000d7b00000)
 ParOldGen       total 87552K, used 0K [0x0000000080000000, 0x0000000085580000, 0x00000000d5580000)
  object space 87552K, 0% used [0x0000000080000000,0x0000000080000000,0x0000000085580000)
 Metaspace       used 7225K, capacity 7446K, committed 7680K, reserved 1056768K
  class space    used 889K, capacity 973K, committed 1024K, reserved 1048576K
Event: 1.735 GC heap after
Heap after GC invocations=1 (full 0):
 PSYoungGen      total 38400K, used 4394K [0x00000000d5580000, 0x00000000d8000000, 0x0000000100000000)
  eden space 33280K, 0% used [0x00000000d5580000,0x00000000d5580000,0x00000000d7600000)
  from space 5120K, 85% used [0x00000000d7600000,0x00000000d7a4aa20,0x00000000d7b00000)
  to   space 5120K, 0% used [0x00000000d7b00000,0x00000000d7b00000,0x00000000d8000000)
 ParOldGen       total 87552K, used 16K [0x0000000080000000, 0x0000000085580000, 0x00000000d5580000)
  object space 87552K, 0% used [0x0000000080000000,0x0000000080004000,0x0000000085580000)
 Metaspace       used 7225K, capacity 7446K, committed 7680K, reserved 1056768K
  class space    used 889K, capacity 973K, committed 1024K, reserved 1048576K
}
Event: 2.115 GC heap before
{Heap before GC invocations=2 (full 0):
 PSYoungGen      total 38400K, used 37674K [0x00000000d5580000, 0x00000000d8000000, 0x0000000100000000)
  eden space 33280K, 100% used [0x00000000d5580000,0x00000000d7600000,0x00000000d7600000)
  from space 5120K, 85% used [0x00000000d7600000,0x00000000d7a4aa20,0x00000000d7b00000)
  to   space 5120K, 0% used [0x00000000d7b00000,0x00000000d7b00000,0x00000000d8000000)
 ParOldGen       total 87552K, used 16K [0x0000000080000000, 0x0000000085580000, 0x00000000d5580000)
  object space 87552K, 0% used [0x0000000080000000,0x0000000080004000,0x0000000085580000)
 Metaspace       used 7462K, capacity 7758K, committed 7936K, reserved 1056768K
  class space    used 914K, capacity 1013K, committed 1024K, reserved 1048576K
Event: 2.120 GC heap after
Heap after GC invocations=2 (full 0):
 PSYoungGen      total 38400K, used 3229K [0x00000000d5580000, 0x00000000d8000000, 0x0000000100000000)
  eden space 33280K, 0% used [0x00000000d5580000,0x00000000d5580000,0x00000000d7600000)
  from space 5120K, 63% used [0x00000000d7b00000,0x00000000d7e277f0,0x00000000d8000000)
  to   space 5120K, 0% used [0x00000000d7600000,0x00000000d7600000,0x00000000d7b00000)
 ParOldGen       total 87552K, used 24K [0x0000000080000000, 0x0000000085580000, 0x00000000d5580000)
  object space 87552K, 0% used [0x0000000080000000,0x0000000080006000,0x0000000085580000)
 Metaspace       used 7462K, capacity 7758K, committed 7936K, reserved 1056768K
  class space    used 914K, capacity 1013K, committed 1024K, reserved 1048576K
}
Event: 3.454 GC heap before
{Heap before GC invocations=3 (full 0):
 PSYoungGen      total 38400K, used 36509K [0x00000000d5580000, 0x00000000d8000000, 0x0000000100000000)
  eden space 33280K, 100% used [0x00000000d5580000,0x00000000d7600000,0x00000000d7600000)
  from space 5120K, 63% used [0x00000000d7b00000,0x00000000d7e277f0,0x00000000d8000000)
  to   space 5120K, 0% used [0x00000000d7600000,0x00000000d7600000,0x00000000d7b00000)
 ParOldGen       total 87552K, used 24K [0x0000000080000000, 0x0000000085580000, 0x00000000d5580000)
  object space 87552K, 0% used [0x0000000080000000,0x0000000080006000,0x0000000085580000)
 Metaspace       used 12143K, capacity 12508K, committed 12800K, reserved 1060864K
  class space    used 1618K, capacity 1738K, committed 1792K, reserved 1048576K
Event: 3.461 GC heap after
Heap after GC invocations=3 (full 0):
 PSYoungGen      total 38400K, used 5104K [0x00000000d5580000, 0x00000000d8000000, 0x0000000100000000)
  eden space 33280K, 0% used [0x00000000d5580000,0x00000000d5580000,0x00000000d7600000)
  from space 5120K, 99% used [0x00000000d7600000,0x00000000d7afc010,0x00000000d7b00000)
  to   space 5120K, 0% used [0x00000000d7b00000,0x00000000d7b00000,0x00000000d8000000)
 ParOldGen       total 87552K, used 1110K [0x0000000080000000, 0x0000000085580000, 0x00000000d5580000)
  object space 87552K, 1% used [0x0000000080000000,0x00000000801158b8,0x0000000085580000)
 Metaspace       used 12143K, capacity 12508K, committed 12800K, reserved 1060864K
  class space    used 1618K, capacity 1738K, committed 1792K, reserved 1048576K
}
Event: 3.964 GC heap before
{Heap before GC invocations=4 (full 0):
 PSYoungGen      total 38400K, used 38384K [0x00000000d5580000, 0x00000000d8000000, 0x0000000100000000)
  eden space 33280K, 100% used [0x00000000d5580000,0x00000000d7600000,0x00000000d7600000)
  from space 5120K, 99% used [0x00000000d7600000,0x00000000d7afc010,0x00000000d7b00000)
  to   space 5120K, 0% used [0x00000000d7b00000,0x00000000d7b00000,0x00000000d8000000)
 ParOldGen       total 87552K, used 1110K [0x0000000080000000, 0x0000000085580000, 0x00000000d5580000)
  object space 87552K, 1% used [0x0000000080000000,0x00000000801158b8,0x0000000085580000)
 Metaspace       used 15227K, capacity 15734K, committed 16000K, reserved 1062912K
  class space    used 2009K, capacity 2165K, committed 2176K, reserved 1048576K
Event: 3.973 GC heap after
Heap after GC invocations=4 (full 0):
 PSYoungGen      total 38400K, used 5104K [0x00000000d5580000, 0x00000000da080000, 0x0000000100000000)
  eden space 33280K, 0% used [0x00000000d5580000,0x00000000d5580000,0x00000000d7600000)
  from space 5120K, 99% used [0x00000000d7b00000,0x00000000d7ffc1d0,0x00000000d8000000)
  to   space 5120K, 0% used [0x00000000d7600000,0x00000000d7600000,0x00000000d7b00000)
 ParOldGen       total 87552K, used 3353K [0x0000000080000000, 0x0000000085580000, 0x00000000d5580000)
  object space 87552K, 3% used [0x0000000080000000,0x0000000080346548,0x0000000085580000)
 Metaspace       used 15227K, capacity 15734K, committed 16000K, reserved 1062912K
  class space    used 2009K, capacity 2165K, committed 2176K, reserved 1048576K
}
Event: 4.584 GC heap before
{Heap before GC invocations=5 (full 0):
 PSYoungGen      total 38400K, used 38384K [0x00000000d5580000, 0x00000000da080000, 0x0000000100000000)
  eden space 33280K, 100% used [0x00000000d5580000,0x00000000d7600000,0x00000000d7600000)
  from space 5120K, 99% used [0x00000000d7b00000,0x00000000d7ffc1d0,0x00000000d8000000)
  to   space 5120K, 0% used [0x00000000d7600000,0x00000000d7600000,0x00000000d7b00000)
 ParOldGen       total 87552K, used 3353K [0x0000000080000000, 0x0000000085580000, 0x00000000d5580000)
  object space 87552K, 3% used [0x0000000080000000,0x0000000080346548,0x0000000085580000)
 Metaspace       used 17771K, capacity 18430K, committed 18560K, reserved 1064960K
  class space    used 2437K, capacity 2639K, committed 2688K, reserved 1048576K
Event: 4.618 GC heap after
Heap after GC invocations=5 (full 0):
 PSYoungGen      total 38400K, used 5104K [0x00000000d5580000, 0x00000000da080000, 0x0000000100000000)
  eden space 33280K, 0% used [0x00000000d5580000,0x00000000d5580000,0x00000000d7600000)
  from space 5120K, 99% used [0x00000000d7600000,0x00000000d7afc010,0x00000000d7b00000)
  to   space 5120K, 0% used [0x00000000d7b00000,0x00000000d7b00000,0x00000000d8000000)
 ParOldGen       total 87552K, used 6530K [0x0000000080000000, 0x0000000085580000, 0x00000000d5580000)
  object space 87552K, 7% used [0x0000000080000000,0x0000000080660ab0,0x0000000085580000)
 Metaspace       used 17771K, capacity 18430K, committed 18560K, reserved 1064960K
  class space    used 2437K, capacity 2639K, committed 2688K, reserved 1048576K
}

Deoptimization events (10 events):
Event: 3.825 Thread 0x0000000018e24800 Uncommon trap: reason=class_check action=maybe_recompile pc=0x000000000280e3d8 method=java.util.regex.Matcher.match(II)Z @ 86
Event: 3.826 Thread 0x0000000018e24800 Uncommon trap: reason=class_check action=maybe_recompile pc=0x000000000268c9cc method=java.util.regex.Matcher.match(II)Z @ 86
Event: 4.017 Thread 0x0000000018e24800 Uncommon trap: reason=unstable_if action=reinterpret pc=0x000000000280871c method=java.io.File.getName()Ljava/lang/String; @ 16
Event: 4.387 Thread 0x0000000018e24800 Uncommon trap: reason=unstable_if action=reinterpret pc=0x00000000028099b0 method=java.util.LinkedHashMap.afterNodeInsertion(Z)V @ 1
Event: 4.390 Thread 0x0000000018e24800 Uncommon trap: reason=unstable_if action=reinterpret pc=0x000000000274a8c4 method=java.util.HashMap.getNode(ILjava/lang/Object;)Ljava/util/HashMap$Node; @ 129
Event: 4.390 Thread 0x0000000018e24800 Uncommon trap: reason=bimorphic action=maybe_recompile pc=0x000000000299a3b8 method=java.util.HashMap.putVal(ILjava/lang/Object;Ljava/lang/Object;ZZ)Ljava/lang/Object; @ 203
Event: 4.395 Thread 0x0000000018e24800 Uncommon trap: reason=unstable_if action=reinterpret pc=0x0000000002740e08 method=java.util.HashMap.getNode(ILjava/lang/Object;)Ljava/util/HashMap$Node; @ 129
Event: 4.395 Thread 0x0000000018e24800 Uncommon trap: reason=bimorphic action=maybe_recompile pc=0x000000000299a3b8 method=java.util.HashMap.putVal(ILjava/lang/Object;Ljava/lang/Object;ZZ)Ljava/lang/Object; @ 203
Event: 4.396 Thread 0x0000000018e24800 Uncommon trap: reason=bimorphic action=maybe_recompile pc=0x00000000029b0760 method=java.util.HashMap.putVal(ILjava/lang/Object;Ljava/lang/Object;ZZ)Ljava/lang/Object; @ 203
Event: 4.631 Thread 0x0000000018e24800 Uncommon trap: reason=unstable_if action=reinterpret pc=0x00000000029c708c method=java.util.jar.Attributes$Name.isDigit(C)Z @ 3

Classes redefined (0 events):
No events

Internal exceptions (10 events):
Event: 3.412 Thread 0x000000001abfb000 Exception <a 'java/lang/NoSuchMethodError': <clinit>> (0x00000000d7463100) thrown at [C:\src\AOSP-openjdk-git\hotspot\src\share\vm\prims\jni.cpp, line 1615]
Event: 3.414 Thread 0x000000001abfb000 Exception <a 'java/lang/NoSuchMethodError': <clinit>> (0x00000000d74794a0) thrown at [C:\src\AOSP-openjdk-git\hotspot\src\share\vm\prims\jni.cpp, line 1615]
Event: 3.429 Thread 0x000000001abfb000 Exception <a 'java/lang/NoSuchMethodError': <clinit>> (0x00000000d74f2ef0) thrown at [C:\src\AOSP-openjdk-git\hotspot\src\share\vm\prims\jni.cpp, line 1615]
Event: 3.436 Thread 0x000000001abfb000 Exception <a 'java/lang/NoSuchMethodError': <clinit>> (0x00000000d7522588) thrown at [C:\src\AOSP-openjdk-git\hotspot\src\share\vm\prims\jni.cpp, line 1615]
Event: 3.442 Thread 0x000000001abfb000 Exception <a 'java/lang/NoSuchMethodError': <clinit>> (0x00000000d7550b10) thrown at [C:\src\AOSP-openjdk-git\hotspot\src\share\vm\prims\jni.cpp, line 1615]
Event: 3.444 Thread 0x000000001abfb000 Exception <a 'java/lang/NoSuchMethodError': <clinit>> (0x00000000d755cf88) thrown at [C:\src\AOSP-openjdk-git\hotspot\src\share\vm\prims\jni.cpp, line 1615]
Event: 4.072 Thread 0x0000000018e24800 Exception <a 'java/lang/NoSuchMethodError': java.lang.Object.lambda$and$0(Ljava/util/function/Predicate;Ljava/lang/Object;)Z> (0x00000000d5893390) thrown at [C:\src\AOSP-openjdk-git\hotspot\src\share\vm\interpreter\linkResolver.cpp, line 620]
Event: 4.078 Thread 0x0000000018e24800 Exception <a 'java/lang/IncompatibleClassChangeError': Found class java.lang.Object, but interface was expected> (0x00000000d58a3680) thrown at [C:\src\AOSP-openjdk-git\hotspot\src\share\vm\interpreter\linkResolver.cpp, line 653]
Event: 4.080 Thread 0x0000000018e24800 Exception <a 'java/lang/NoSuchMethodError': java.lang.Object.lambda$or$2(Ljava/util/function/Predicate;Ljava/lang/Object;)Z> (0x00000000d58a81d0) thrown at [C:\src\AOSP-openjdk-git\hotspot\src\share\vm\interpreter\linkResolver.cpp, line 620]
Event: 4.457 Thread 0x0000000018e24800 Exception <a 'java/lang/NoSuchMethodError': java.lang.Object.lambda$static$0(Lorg/gradle/internal/state/ModelObject;)Ljava/lang/String;> (0x00000000d7048bc0) thrown at [C:\src\AOSP-openjdk-git\hotspot\src\share\vm\interpreter\linkResolver.cpp, line 620]

Events (10 events):
Event: 4.826 loading class org/gradle/internal/exceptions/ContextAwareException
Event: 4.826 loading class org/gradle/internal/exceptions/ContextAwareException done
Event: 4.826 loading class org/gradle/plugin/use/resolve/internal/PluginResolutionResult
Event: 4.826 loading class org/gradle/plugin/use/resolve/internal/PluginResolutionResult done
Event: 4.827 loading class org/gradle/plugin/use/internal/PluginDependencyResolutionServices$2
Event: 4.827 loading class org/gradle/plugin/use/internal/PluginDependencyResolutionServices$2 done
Event: 4.828 loading class org/gradle/configuration/project/DefaultCompileOperationFactory
Event: 4.828 loading class org/gradle/configuration/project/DefaultCompileOperationFactory done
Event: 4.829 loading class org/gradle/groovy/scripts/internal/StatementTransformer
Event: 4.829 loading class org/gradle/groovy/scripts/internal/StatementTransformer done


Dynamic libraries:
0x00007ff646e00000 - 0x00007ff646e31000 	E:\Android\jre\bin\java.exe
0x00007ffa97950000 - 0x00007ffa97b46000 	C:\WINDOWS\SYSTEM32\ntdll.dll
0x00007ffa96dd0000 - 0x00007ffa96e8d000 	C:\WINDOWS\System32\KERNEL32.DLL
0x00007ffa951b0000 - 0x00007ffa95479000 	C:\WINDOWS\System32\KERNELBASE.dll
0x00007ffa95c10000 - 0x00007ffa95cbc000 	C:\WINDOWS\System32\ADVAPI32.dll
0x00007ffa95cc0000 - 0x00007ffa95d5e000 	C:\WINDOWS\System32\msvcrt.dll
0x00007ffa95e30000 - 0x00007ffa95ecc000 	C:\WINDOWS\System32\sechost.dll
0x00007ffa97600000 - 0x00007ffa9772b000 	C:\WINDOWS\System32\RPCRT4.dll
0x00007ffa96f00000 - 0x00007ffa970a0000 	C:\WINDOWS\System32\USER32.dll
0x00007ffa95090000 - 0x00007ffa950b2000 	C:\WINDOWS\System32\win32u.dll
0x00007ffa975d0000 - 0x00007ffa975fa000 	C:\WINDOWS\System32\GDI32.dll
0x00007ffa957f0000 - 0x00007ffa958f9000 	C:\WINDOWS\System32\gdi32full.dll
0x00007ffa95110000 - 0x00007ffa951ad000 	C:\WINDOWS\System32\msvcp_win.dll
0x00007ffa95560000 - 0x00007ffa95660000 	C:\WINDOWS\System32\ucrtbase.dll
0x00007ffa85280000 - 0x00007ffa8551b000 	C:\WINDOWS\WinSxS\amd64_microsoft.windows.common-controls_6595b64144ccf1df_6.0.19041.488_none_ca04af081b815d21\COMCTL32.dll
0x00007ffa95f40000 - 0x00007ffa95f70000 	C:\WINDOWS\System32\IMM32.DLL
0x000000006bd60000 - 0x000000006be32000 	E:\Android\jre\jre\bin\msvcr100.dll
0x000000006bf20000 - 0x000000006c76b000 	E:\Android\jre\jre\bin\server\jvm.dll
0x00007ffa95dc0000 - 0x00007ffa95dc8000 	C:\WINDOWS\System32\PSAPI.DLL
0x00007ffa84b60000 - 0x00007ffa84b69000 	C:\WINDOWS\SYSTEM32\WSOCK32.dll
0x00007ffa85520000 - 0x00007ffa85547000 	C:\WINDOWS\SYSTEM32\WINMM.dll
0x00007ffa96e90000 - 0x00007ffa96efb000 	C:\WINDOWS\System32\WS2_32.dll
0x00007ffa84dd0000 - 0x00007ffa84dda000 	C:\WINDOWS\SYSTEM32\VERSION.dll
0x00007ffa92960000 - 0x00007ffa9296f000 	E:\Android\jre\jre\bin\verify.dll
0x00007ffa90ac0000 - 0x00007ffa90ae9000 	E:\Android\jre\jre\bin\java.dll
0x00007ffa91e50000 - 0x00007ffa91e66000 	E:\Android\jre\jre\bin\zip.dll
0x00007ffa96240000 - 0x00007ffa96982000 	C:\WINDOWS\System32\SHELL32.dll
0x00007ffa931e0000 - 0x00007ffa93975000 	C:\WINDOWS\SYSTEM32\windows.storage.dll
0x00007ffa96990000 - 0x00007ffa96ce6000 	C:\WINDOWS\System32\combase.dll
0x00007ffa94a80000 - 0x00007ffa94aac000 	C:\WINDOWS\SYSTEM32\Wldp.dll
0x00007ffa97860000 - 0x00007ffa9790e000 	C:\WINDOWS\System32\SHCORE.dll
0x00007ffa95ee0000 - 0x00007ffa95f35000 	C:\WINDOWS\System32\shlwapi.dll
0x00007ffa94fc0000 - 0x00007ffa94fe6000 	C:\WINDOWS\SYSTEM32\profapi.dll
0x00007ffa90b10000 - 0x00007ffa90b2a000 	E:\Android\jre\jre\bin\net.dll
0x00007ffa947b0000 - 0x00007ffa9481a000 	C:\WINDOWS\system32\mswsock.dll
0x00007ffa8f540000 - 0x00007ffa8f553000 	E:\Android\jre\jre\bin\nio.dll
0x00007ffa92990000 - 0x00007ffa929b7000 	C:\Users\NEWTON\.gradle\native\f6784746aeab05261644944871eae4fe03e0ef1612fff0a4a95f87b438bc6780\windows-amd64\native-platform.dll
0x00007ffa91fa0000 - 0x00007ffa91fad000 	E:\Android\jre\jre\bin\management.dll
0x00007ffa94980000 - 0x00007ffa94998000 	C:\WINDOWS\SYSTEM32\CRYPTSP.dll
0x00007ffa94140000 - 0x00007ffa94174000 	C:\WINDOWS\system32\rsaenh.dll
0x00007ffa957c0000 - 0x00007ffa957e7000 	C:\WINDOWS\System32\bcrypt.dll
0x00007ffa94f80000 - 0x00007ffa94fae000 	C:\WINDOWS\SYSTEM32\USERENV.dll
0x00007ffa954e0000 - 0x00007ffa95560000 	C:\WINDOWS\System32\bcryptprimitives.dll
0x00007ffa94c00000 - 0x00007ffa94c0c000 	C:\WINDOWS\SYSTEM32\CRYPTBASE.dll
0x00007ffa944a0000 - 0x00007ffa944db000 	C:\WINDOWS\SYSTEM32\IPHLPAPI.DLL
0x00007ffa975a0000 - 0x00007ffa975a8000 	C:\WINDOWS\System32\NSI.dll
0x00007ffa8a3c0000 - 0x00007ffa8a3d7000 	C:\WINDOWS\SYSTEM32\dhcpcsvc6.DLL
0x00007ffa8a3a0000 - 0x00007ffa8a3bd000 	C:\WINDOWS\SYSTEM32\dhcpcsvc.DLL
0x00007ffa944e0000 - 0x00007ffa945ab000 	C:\WINDOWS\SYSTEM32\DNSAPI.dll
0x00007ffa8a5e0000 - 0x00007ffa8a5eb000 	C:\WINDOWS\SYSTEM32\WINNSI.DLL

VM Arguments:
jvm_args: -Xmx2048m -Dfile.encoding=UTF-8 -Duser.country=US -Duser.language=en -Duser.variant 
java_command: org.gradle.launcher.daemon.bootstrap.GradleDaemon 6.5
java_class_path (initial): C:\Users\NEWTON\.gradle\wrapper\dists\gradle-6.5-bin\6nifqtx7604sqp1q6g8wikw7p\gradle-6.5\lib\gradle-launcher-6.5.jar
Launcher Type: SUN_STANDARD

Environment Variables:
PATH=C:\Program Files (x86)\Common Files\Oracle\Java\javapath;C:\WINDOWS\system32;C:\WINDOWS;C:\WINDOWS\System32\Wbem;C:\WINDOWS\System32\WindowsPowerShell\v1.0\;C:\Program Files\Java\jdk1.8.0_191\bin;C:\Program Files\Java\jre1.8.0_191\bin;C:\WINDOWS\System32\OpenSSH\;E:\android studio\gradle2\gradle-5.4.1\bin;C:\Program Files\Git\cmd;C:\Program Files\PuTTY\;C:\Users\NEWTON\AppData\Local\Programs\Python\Python38\Scripts\;C:\Users\NEWTON\AppData\Local\Programs\Python\Python38\;C:\Users\NEWTON\AppData\Local\Microsoft\WindowsApps;E:\Microsoft VS Code\bin;C:\Users\NEWTON\AppData\Local\atom\bin;C:\Users\NEWTON\AppData\Local\Microsoft\WindowsApps;C:\Users\NEWTON\AppData\Local\GitHubDesktop\bin;
USERNAME=NEWTON
OS=Windows_NT
PROCESSOR_IDENTIFIER=Intel64 Family 6 Model 58 Stepping 9, GenuineIntel



---------------  S Y S T E M  ---------------

OS: Windows 10.0 , 64 bit Build 19041 (10.0.19041.662)

CPU:total 4 (initial active 4) (2 cores per cpu, 2 threads per core) family 6 model 58 stepping 9, cmov, cx8, fxsr, mmx, sse, sse2, sse3, ssse3, sse4.1, sse4.2, popcnt, avx, aes, clmul, erms, ht, tsc, tscinvbit, tscinv

Memory: 4k page, physical 8259272k(1081376k free), swap 14203096k(6140k free)

vm_info: OpenJDK 64-Bit Server VM (25.242-b01) for windows-amd64 JRE (1.8.0_242-release-1644-b01), built by "builder" with MS VC++ 10.0 (VS2010)

time: Fri Jan 22 10:22:23 2021
timezone: E. Africa Standard Time
elapsed time: 4 seconds (0d 0h 0m 4s)

